[0mGET / [32m200[0m 72.792 ms - 8279[0m
[0mGET /sounds/sound.ogg [33m404[0m 14.325 ms - 155[0m
[0mGET /users/signIn [32m200[0m 8.584 ms - 6634[0m
[0mPOST /users/create_session [36m302[0m 17.806 ms - 70[0m
[0mGET /users/signIn [32m200[0m 4.717 ms - 6850[0m
[0mGET /users/signIn [32m200[0m 9.457 ms - 6634[0m
[0mGET /users/auth/google [36m302[0m 13.404 ms - 0[0m
[0mGET / [36m304[0m 103.671 ms - -[0m
[0mGET /sounds/sound.ogg [33m404[0m 7.919 ms - 155[0m
[0mGET /about [32m200[0m 21.373 ms - 14175[0m
[0mGET /about [36m304[0m 16.324 ms - -[0m
[0mGET /about [36m304[0m 19.496 ms - -[0m
[0mGET / [36m304[0m 61.107 ms - -[0m
[0mGET /sounds/sound.ogg [33m404[0m 14.792 ms - 155[0m
[0mGET /privacyPolicies [32m200[0m 15.158 ms - 12870[0m
[0mGET /users/signUp [32m200[0m 10.575 ms - 7339[0m
[0mGET /users/signIn [36m304[0m 8.946 ms - -[0m
[0mGET / [32m200[0m 50.012 ms - 8280[0m
[0mGET /sounds/sound.ogg [33m404[0m 9.368 ms - 155[0m
[0mGET / [31m500[0m 38.356 ms - 1978[0m
[0mGET / [32m200[0m 19.837 ms - 8183[0m
[0mGET /sounds/sound.ogg [33m404[0m 7.511 ms - 155[0m
[0mGET /privacyPolicies [32m200[0m 7.394 ms - 12871[0m
[0mGET /about [32m200[0m 12.362 ms - 14176[0m
[0mGET /about [36m304[0m 6.595 ms - -[0m
[0mGET /users/signUp [32m200[0m 17.536 ms - 7187[0m
[0mGET /users/signIn [32m200[0m 8.682 ms - 6482[0m
[0mGET /users/signIn [36m304[0m 8.242 ms - -[0m
[0mGET /users/signUp [36m304[0m 7.504 ms - -[0m
[0mGET /users/auth/google [36m302[0m 7.448 ms - 0[0m
[0mGET /users/auth/google/callback?code=4/0AY0e-g4oOqjP9BZVTAT_Bz8VCNFWj6_CTrXhIkUQ-d4hi0y-lTf7JjGTlO7DbFowTAj9ZA&scope=email%20profile%20https://www.googleapis.com/auth/userinfo.profile%20https://www.googleapis.com/auth/userinfo.email%20https://www.googleapis.com/auth/calendar%20openid&authuser=0&prompt=consent [36m302[0m 1021.461 ms - 46[0m
[0mGET / [31m500[0m 18.617 ms - 2242[0m
[0mGET / [31m500[0m 12.176 ms - 2574[0m
[0mGET / [31m500[0m 12.787 ms - 2574[0m
[0mGET / [31m500[0m 11.167 ms - 2574[0m
[0mGET / [31m500[0m 10.897 ms - 2574[0m
[0mGET / [32m200[0m 19.275 ms - 9175[0m
[0mGET /sounds/sound.ogg [33m404[0m 8.621 ms - 155[0m
[0mGET /? [32m200[0m 17.196 ms - 9175[0m
[0mGET /sounds/sound.ogg [33m404[0m 9.451 ms - 155[0m
[0mGET /users/profile/6084f8d3c4a13d32f49e082e [31m500[0m 14.772 ms - 2480[0m
[0mGET /users/profile/6084f8d3c4a13d32f49e082e [31m500[0m 10.221 ms - 2480[0m
[0mGET /users/profile/6084f8d3c4a13d32f49e082e [31m500[0m 9.944 ms - 2346[0m
[0mGET /users/profile/6084f8d3c4a13d32f49e082e [31m500[0m 12.716 ms - 2394[0m
[0mGET /users/profile/6084f8d3c4a13d32f49e082e [32m200[0m 14.218 ms - 7887[0m
[0mGET /users/profile/6084f8d3c4a13d32f49e082e [36m304[0m 13.535 ms - -[0m
[0mGET /users/profile/6084f8d3c4a13d32f49e082e [36m304[0m 9.435 ms - -[0m
[0mPOST /users/profile/update/6084f8d3c4a13d32f49e082e [36m302[0m 40.827 ms - 164[0m
[0mGET /users/profile/6084f8d3c4a13d32f49e082e [32m200[0m 13.561 ms - 7795[0m
[0mGET /users/profile/6084f8d3c4a13d32f49e082e [36m304[0m 17.681 ms - -[0m
[0mGET / [36m304[0m 17.903 ms - -[0m
[0mGET /sounds/sound.ogg [33m404[0m 6.713 ms - 155[0m
[0mGET /about [32m200[0m 12.723 ms - 14275[0m
[0mGET /users/signOut [36m302[0m 6.419 ms - 46[0m
[0mGET / [32m200[0m 13.695 ms - 9020[0m
[0mGET /sounds/sound.ogg [33m404[0m 4.590 ms - 155[0m
[0mGET / [32m200[0m 89.220 ms - 8809[0m
[0mGET /sounds/sound.ogg [33m404[0m 8.711 ms - 155[0m
[0mGET /about [32m200[0m 14.364 ms - 14176[0m
[0mGET /about [36m304[0m 18.942 ms - -[0m
[0mGET / [36m304[0m 86.723 ms - -[0m
[0mGET /sounds/sound.ogg [33m404[0m 10.028 ms - 155[0m
[0mGET / [36m304[0m 30.524 ms - -[0m
[0mGET /sounds/sound.ogg [33m404[0m 6.763 ms - 155[0m
[0mGET / [36m304[0m 15.082 ms - -[0m
[0mGET /sounds/sound.ogg [33m404[0m 4.202 ms - 155[0m
[0mGET / [36m304[0m 15.975 ms - -[0m
[0mGET /sounds/sound.ogg [33m404[0m 11.074 ms - 155[0m
[0mGET / [36m304[0m 16.560 ms - -[0m
[0mGET /sounds/sound.ogg [33m404[0m 7.020 ms - 155[0m
[0mGET / [32m200[0m 16.179 ms - 8802[0m
[0mGET /sounds/sound.ogg [33m404[0m 2.736 ms - 155[0m
[0mGET / [32m200[0m 10.089 ms - 8802[0m
[0mGET /sounds/sound.ogg [33m404[0m 2.796 ms - 155[0m
[0mGET / [36m304[0m 13.703 ms - -[0m
[0mGET /sounds/sound.ogg [33m404[0m 3.416 ms - 155[0m
[0mGET / [36m304[0m 13.739 ms - -[0m
[0mGET /sounds/sound.ogg [33m404[0m 2.486 ms - 155[0m
[0mGET / [32m200[0m 10.420 ms - 8802[0m
[0mGET /sounds/sound.ogg [33m404[0m 2.506 ms - 155[0m
[0mGET / [36m304[0m 42.938 ms - -[0m
[0mGET /sounds/sound.ogg [33m404[0m 9.313 ms - 155[0m
[0mGET / [32m200[0m 64.373 ms - 8802[0m
[0mGET /sounds/sound.ogg [33m404[0m 8.589 ms - 155[0m
[0mGET / [36m304[0m 16.640 ms - -[0m
[0mGET /sounds/sound.ogg [33m404[0m 4.463 ms - 155[0m
[0mGET / [32m200[0m 40.980 ms - 8802[0m
[0mGET /sounds/sound.ogg [33m404[0m 8.997 ms - 155[0m
[0mGET / [32m200[0m 61.632 ms - 8802[0m
[0mGET /sounds/sound.ogg [33m404[0m 7.042 ms - 155[0m
[0mGET / [36m304[0m 43.805 ms - -[0m
[0mGET /sounds/sound.ogg [33m404[0m 7.609 ms - 155[0m
[0mGET / [36m304[0m 16.872 ms - -[0m
[0mGET /sounds/sound.ogg [33m404[0m 4.377 ms - 155[0m
[0mGET / [32m200[0m 17.768 ms - 8772[0m
[0mGET /sounds/sound.ogg [33m404[0m 4.359 ms - 155[0m
[0mGET / [36m304[0m 10.951 ms - -[0m
[0mGET /sounds/sound.ogg [33m404[0m 5.822 ms - 155[0m
[0mGET / [32m200[0m 8.989 ms - 8772[0m
[0mGET /sounds/sound.ogg [33m404[0m 6.429 ms - 155[0m
[0mGET / [36m304[0m 11.508 ms - -[0m
[0mGET /sounds/sound.ogg [33m404[0m 3.855 ms - 155[0m
[0mGET / [32m200[0m 55.220 ms - 8772[0m
[0mGET /sounds/sound.ogg [33m404[0m 24.596 ms - 155[0m
[0mGET / [32m200[0m 74.283 ms - 8777[0m
[0mGET /sounds/sound.ogg [33m404[0m 9.495 ms - 155[0m
[0mGET / [36m304[0m 28.765 ms - -[0m
[0mGET /sounds/sound.ogg [33m404[0m 22.021 ms - 155[0m
[0mGET / [32m200[0m 32.913 ms - 8782[0m
[0mGET /sounds/sound.ogg [33m404[0m 4.749 ms - 155[0m
[0mGET /users/signIn [32m200[0m 14.162 ms - 6445[0m
[0mGET /users/signIn [36m304[0m 6.005 ms - -[0m
[0mGET /users/signIn [32m200[0m 20.498 ms - 6438[0m
[0mGET /users/signIn [32m200[0m 20.825 ms - 6468[0m
[0mGET /users/signIn [36m304[0m 8.137 ms - -[0m
[0mGET /users/signIn [36m304[0m 14.893 ms - -[0m
[0mGET /users/signIn [32m200[0m 19.080 ms - 6467[0m
[0mGET /users/signIn [32m200[0m 28.644 ms - 6472[0m
[0mGET /users/signIn [32m200[0m 15.291 ms - 6467[0m
[0mGET /users/signIn [32m200[0m 8.194 ms - 6460[0m
[0mGET /users/signIn [32m200[0m 11.886 ms - 6470[0m
[0mGET /users/signIn [32m200[0m 16.102 ms - 6483[0m
[0mGET /users/signIn [32m200[0m 8.303 ms - 6484[0m
[0mGET /users/signIn [32m200[0m 17.436 ms - 6484[0m
[0mGET /users/signIn [36m304[0m 8.671 ms - -[0m
[0mGET /users/signUp [32m200[0m 12.949 ms - 7150[0m
[0mGET /users/signUp [32m200[0m 13.915 ms - 7184[0m
[0mGET /users/signIn [36m304[0m 11.206 ms - -[0m
[0mGET /users/signIn [36m304[0m 13.923 ms - -[0m
[0mGET /users/signIn [32m200[0m 11.726 ms - 6484[0m
[0mGET /users/signIn [36m304[0m 11.129 ms - -[0m
[0mGET /users/signIn [36m304[0m 9.056 ms - -[0m
[0mGET /users/signIn [36m304[0m 9.840 ms - -[0m
[0mGET /users/signIn [36m304[0m 8.223 ms - -[0m
[0mGET /users/signIn [36m304[0m 15.363 ms - -[0m
[0mGET /users/signIn [36m304[0m 6.576 ms - -[0m
[0mGET /users/signIn [36m304[0m 6.358 ms - -[0m
[0mGET /users/signIn [36m304[0m 10.739 ms - -[0m
[0mGET /users/signIn [36m304[0m 7.331 ms - -[0m
[0mGET /privacyPolicies [32m200[0m 13.559 ms - 12834[0m
[0mGET /users/signIn [36m304[0m 11.967 ms - -[0m
[0mGET /about [32m200[0m 16.000 ms - 14139[0m
[0mGET /users/signIn [36m304[0m 19.303 ms - -[0m
[0mGET / [32m200[0m 33.061 ms - 8782[0m
[0mGET /sounds/sound.ogg [33m404[0m 9.263 ms - 155[0m
[0mGET / [36m304[0m 18.073 ms - -[0m
[0mGET /sounds/sound.ogg [33m404[0m 6.488 ms - 155[0m
[0mGET /users/signUp [32m200[0m 11.550 ms - 7184[0m
[0mGET /users/signUp [36m304[0m 10.750 ms - -[0m
[0mGET / [36m304[0m 12.585 ms - -[0m
[0mGET /sounds/sound.ogg [33m404[0m 4.935 ms - 155[0m
[0mGET /users/signIn [36m304[0m 7.056 ms - -[0m
[0mGET /users/signUp [36m304[0m 4.794 ms - -[0m
[0mGET /users/signUp [36m304[0m 10.572 ms - -[0m
[0mGET /users/signUp [32m200[0m 33.084 ms - 7189[0m
[0mGET /users/signIn [36m304[0m 7.202 ms - -[0m
[0mGET /users/signUp [36m304[0m 11.045 ms - -[0m
[0mGET /about [36m304[0m 15.006 ms - -[0m
[0mGET /privacyPolicies [36m304[0m 7.407 ms - -[0m
[0mGET / [36m304[0m 21.333 ms - -[0m
[0mGET /sounds/sound.ogg [33m404[0m 11.149 ms - 155[0m
[0mGET /users/signIn [36m304[0m 11.047 ms - -[0m
[0mGET /users/signIn [36m304[0m 9.732 ms - -[0m
[0mGET / [36m304[0m 15.069 ms - -[0m
[0mGET /sounds/sound.ogg [33m404[0m 9.238 ms - 155[0m
[0mGET / [32m200[0m 22.039 ms - 8788[0m
[0mGET /sounds/sound.ogg [33m404[0m 3.417 ms - 155[0m
[0mGET / [32m200[0m 20.154 ms - 8795[0m
[0mGET /sounds/sound.ogg [33m404[0m 7.287 ms - 155[0m
[0mGET /users/signIn [36m304[0m 12.204 ms - -[0m
[0mPOST /users/create_session [36m302[0m 15.783 ms - 70[0m
[0mGET /users/signIn [32m200[0m 8.059 ms - 6700[0m
[0mGET /users/signUp [36m304[0m 9.627 ms - -[0m
[0mPOST /users/create_user [36m302[0m 5.751 ms - 112[0m
[0mGET /users/signUp [32m200[0m 7.935 ms - 7405[0m
[0mPOST /users/create_session [36m302[0m 8.547 ms - 70[0m
[0mGET /users/signIn [36m304[0m 9.065 ms - -[0m
[0mPOST /users/create_session [36m302[0m 7.305 ms - 70[0m
[0mGET /users/signIn [36m304[0m 7.368 ms - -[0m
[0mPOST /users/create_session [36m302[0m 7.388 ms - 70[0m
[0mGET /users/signIn [36m304[0m 4.593 ms - -[0m
[0mGET /users/forgotPasswordEnterMail [32m200[0m 9.581 ms - 5284[0m
[0mGET /users/forgotPasswordEnterMail [36m304[0m 13.976 ms - -[0m
[0mGET /users/forgotPasswordEnterMail [32m200[0m 46.364 ms - 5284[0m
[0mGET /users/forgotPasswordEnterMail [32m200[0m 13.352 ms - 5135[0m
[0mGET /css/forgotPass.css [33m404[0m 5.708 ms - 157[0m
[0mGET /js/signin.js [33m404[0m 13.189 ms - 151[0m
[0mGET /images/bg.svg [33m404[0m 20.911 ms - 152[0m
[0mGET /users/forgotPasswordEnterMail [36m304[0m 9.678 ms - -[0m
[0mGET /js/signin.js [33m404[0m 10.951 ms - 151[0m
[0mGET /images/bg.svg [33m404[0m 6.575 ms - 152[0m
[0mGET /users/forgotPasswordEnterMail [36m304[0m 9.590 ms - -[0m
[0mGET /js/signin.js [33m404[0m 6.078 ms - 151[0m
[0mGET /images/bg.svg [33m404[0m 4.498 ms - 152[0m
[0mGET /images/avatar.svg [33m404[0m 5.138 ms - 156[0m
[0mGET /users/forgotPasswordEnterMail [36m304[0m 4.149 ms - -[0m
[0mGET /js/signin.js [33m404[0m 13.617 ms - 151[0m
[0mGET /images/bg.svg [33m404[0m 6.717 ms - 152[0m
[0mGET /users/forgotPasswordEnterMail [36m304[0m 32.414 ms - -[0m
[0mGET /js/signin.js [33m404[0m 10.128 ms - 151[0m
[0mGET /images/bg.svg [33m404[0m 6.159 ms - 152[0m
[0mGET /images/avatar.svg [33m404[0m 7.530 ms - 156[0m
[0mGET /users/forgotPasswordEnterMail [36m304[0m 7.413 ms - -[0m
[0mGET /images/bg.svg [33m404[0m 19.252 ms - 152[0m
[0mGET /js/signin.js [33m404[0m 21.237 ms - 151[0m
[0mGET /users/forgotPasswordEnterMail [36m304[0m 22.863 ms - -[0m
[0mGET /js/signin.js [33m404[0m 8.643 ms - 151[0m
[0mGET /images/bg.svg [33m404[0m 6.250 ms - 152[0m
[0mGET /images/avatar.svg [33m404[0m 3.442 ms - 156[0m
[0mGET /users/forgotPasswordEnterMail [32m200[0m 16.384 ms - 5137[0m
[0mGET /js/signin.js [33m404[0m 6.470 ms - 151[0m
[0mGET /images/avatar.svg [33m404[0m 3.124 ms - 156[0m
[0mGET /users/forgotPasswordEnterMail [32m200[0m 8.563 ms - 5133[0m
[0mGET /js/signin.js [33m404[0m 6.285 ms - 151[0m
[0mGET /images/bg.svg [33m404[0m 6.537 ms - 152[0m
[0mGET /users/forgotPasswordEnterMail [36m304[0m 7.013 ms - -[0m
[0mGET /js/signin.js [33m404[0m 6.154 ms - 151[0m
[0mGET /images/bg.svg [33m404[0m 3.718 ms - 152[0m
[0mGET /users/forgotPasswordEnterMail [36m304[0m 5.158 ms - -[0m
[0mGET /js/signin.js [33m404[0m 4.826 ms - 151[0m
[0mGET /images/bg.svg [33m404[0m 6.830 ms - 152[0m
[0mGET /users/forgotPasswordEnterMail [36m304[0m 4.751 ms - -[0m
[0mGET /js/signin.js [33m404[0m 3.262 ms - 151[0m
[0mGET /users/forgotPasswordEnterMail [36m304[0m 7.774 ms - -[0m
[0mGET /js/signin.js [33m404[0m 7.072 ms - 151[0m
[0mGET /users/forgotPasswordEnterMail [36m304[0m 63.670 ms - -[0m
[0mPOST /users/reset-password [36m302[0m 61.294 ms - 146[0m
[0mGET /users/forgotPasswordEnterMail [32m200[0m 8.732 ms - 5388[0m
[0mGET /users/forgotPasswordEnterMail [32m200[0m 16.583 ms - 5133[0m
[0mGET /users/forgotPasswordEnterMail [32m200[0m 8.689 ms - 5132[0m
[0mGET /js/signn.js [33m404[0m 8.607 ms - 150[0m
[0mGET /users/forgotPasswordEnterMail [32m200[0m 12.178 ms - 5133[0m
[0mPOST /users/reset-password [36m302[0m 73.629 ms - 146[0m
[0mGET /users/forgotPasswordEnterMail [32m200[0m 25.135 ms - 5388[0m
[0mPOST /users/reset-password [36m302[0m 10.109 ms - 146[0m
[0mGET /users/forgotPasswordEnterMail [32m200[0m 9.750 ms - 5361[0m
[0mPOST /users/reset-password [36m302[0m 19.987 ms - 146[0m
[0mGET /users/forgotPasswordEnterMail [32m200[0m 4.260 ms - 5388[0m
[0mPOST /users/reset-password [36m302[0m 11.573 ms - 146[0m
[0mGET /users/forgotPasswordEnterMail [36m304[0m 6.431 ms - -[0m
[0mGET /users/reset-password/80ed5c3d39a4fa59097447ea2f30aa426509d15f [32m200[0m 21.910 ms - 6575[0m
[0mPOST /users/set-new-password [36m302[0m 20.478 ms - 70[0m
[0mGET /users/signIn [32m200[0m 10.383 ms - 6717[0m
[0mPOST /users/create_session [36m302[0m 11.521 ms - 46[0m
[0mGET / [32m200[0m 14.481 ms - 9364[0m
[0mGET /sounds/sound.ogg [33m404[0m 9.462 ms - 155[0m
[0mGET /privacyPolicies [32m200[0m 14.905 ms - 12933[0m
[0mGET /users/profile/6084f8d3c4a13d32f49e082e [32m200[0m 15.860 ms - 7758[0m
[0mGET /users/profile/6084f8d3c4a13d32f49e082e [36m304[0m 13.010 ms - -[0m
[0mGET / [32m200[0m 24.644 ms - 9148[0m
[0mGET /sounds/sound.ogg [33m404[0m 8.313 ms - 155[0m
[0mGET /users/profile/6084f8d3c4a13d32f49e082e [36m304[0m 14.975 ms - -[0m
[0mGET /users/signOut [36m302[0m 6.965 ms - 46[0m
[0mGET / [32m200[0m 8.808 ms - 9006[0m
[0mGET /sounds/sound.ogg [33m404[0m 6.432 ms - 155[0m
[0mGET /users/signIn [32m200[0m 10.630 ms - 6484[0m
[0mGET /users/signUp [32m200[0m 7.090 ms - 7189[0m
[0mGET /users/auth/google [36m302[0m 6.290 ms - 0[0m
[0mGET /users/auth/google/callback?code=4/0AY0e-g6IoVkuktd41hxNYyNDp4DUI1X18vQgcu26pOIz8UhYxATnRIZ0k3tXuAvhWFLgkA&scope=email%20profile%20https://www.googleapis.com/auth/userinfo.profile%20https://www.googleapis.com/auth/userinfo.email%20https://www.googleapis.com/auth/calendar%20openid&authuser=1&hd=iiitkota.ac.in&prompt=consent [36m302[0m 917.976 ms - 46[0m
[0mGET / [31m500[0m 15.848 ms - 2506[0m
[0mGET / [31m500[0m 19.181 ms - 2506[0m
[0mGET / [31m500[0m 40.197 ms - 2506[0m
[0mGET / [31m500[0m 8.755 ms - 2506[0m
[0mGET / [31m500[0m 10.414 ms - 2506[0m
[0mGET / [32m200[0m 28.032 ms - 10316[0m
[0mGET /sounds/sound.ogg [33m404[0m 9.157 ms - 155[0m
[0mGET /users/signOut [36m302[0m 17.719 ms - 46[0m
[0mGET / [32m200[0m 19.275 ms - 9631[0m
[0mGET /sounds/sound.ogg [33m404[0m 5.938 ms - 155[0m
[0mGET /users/signIn [36m304[0m 7.658 ms - -[0m
[0mGET /users/auth/google [36m302[0m 6.570 ms - 0[0m
[0mGET /users/auth/google/callback?code=4/0AY0e-g5LF05R8xeHGI0SNY3F-EzPNtK8Phta0Gn2SqbSRPlbVBUiRSOqoZoFDwROQAwalw&scope=email%20profile%20https://www.googleapis.com/auth/userinfo.email%20https://www.googleapis.com/auth/userinfo.profile%20openid%20https://www.googleapis.com/auth/calendar&authuser=1&hd=iiitkota.ac.in&prompt=none [36m302[0m 908.772 ms - 46[0m
[0mGET / [32m200[0m 13.545 ms - 10532[0m
[0mGET /sounds/sound.ogg [33m404[0m 5.591 ms - 155[0m
[0mGET /users/profile/60863d6a91345d308465cf51 [32m200[0m 15.634 ms - 7913[0m
[0mGET /users/signOut [36m302[0m 6.854 ms - 46[0m
[0mGET / [32m200[0m 17.870 ms - 9631[0m
[0mGET /sounds/sound.ogg [33m404[0m 3.535 ms - 155[0m
[0mGET /users/signIn [36m304[0m 5.228 ms - -[0m
[0mGET /users/auth/google [36m302[0m 3.257 ms - 0[0m
[0mGET /users/auth/google/callback?code=4/0AY0e-g5OovaAZ3OQCiv9tJisEENGLGXjUekuoV9yKDR9aYRs1xXQwVqXDWmghKY9Sla9hg&scope=email%20profile%20https://www.googleapis.com/auth/userinfo.profile%20https://www.googleapis.com/auth/userinfo.email%20https://www.googleapis.com/auth/calendar%20openid&authuser=1&hd=iiitkota.ac.in&prompt=none [36m302[0m 906.788 ms - 46[0m
[0mGET / [32m200[0m 12.769 ms - 10532[0m
[0mGET /sounds/sound.ogg [33m404[0m 5.150 ms - 155[0m
[0mGET /users/signOut [36m302[0m 11.016 ms - 46[0m
[0mGET / [32m200[0m 12.856 ms - 9631[0m
[0mGET /sounds/sound.ogg [33m404[0m 5.570 ms - 155[0m
[0mGET /users/signIn [36m304[0m 5.046 ms - -[0m
[0mGET /users/forgotPasswordEnterMail [32m200[0m 6.750 ms - 5133[0m
[0mPOST /users/reset-password [36m302[0m 28.779 ms - 146[0m
[0mGET /users/forgotPasswordEnterMail [32m200[0m 5.247 ms - 5388[0m
[0mGET /users/signIn [36m304[0m 4.767 ms - -[0m
[0mGET /privacyPolicies [32m200[0m 31.716 ms - 12834[0m
[0mGET / [32m200[0m 34.721 ms - 9420[0m
[0mGET /sounds/sound.ogg [33m404[0m 14.003 ms - 155[0m
[0mGET /users/signIn [36m304[0m 12.934 ms - -[0m
[0mPOST /users/create_session [36m302[0m 14.265 ms - 46[0m
[0mGET / [32m200[0m 19.596 ms - 10532[0m
[0mGET /sounds/sound.ogg [33m404[0m 17.405 ms - 155[0m
[0mGET / [32m200[0m 22.214 ms - 10290[0m
[0mGET /sounds/sound.ogg [33m404[0m 11.175 ms - 155[0m
[0mGET / [32m200[0m 17.277 ms - 10308[0m
[0mGET /sounds/sound.ogg [33m404[0m 11.780 ms - 155[0m
[0mGET / [32m200[0m 17.681 ms - 10202[0m
[0mGET /sounds/sound.ogg [33m404[0m 14.485 ms - 155[0m
[0mGET / [32m200[0m 17.260 ms - 10360[0m
[0mGET /sounds/sound.ogg [33m404[0m 5.722 ms - 155[0m
[0mGET / [32m200[0m 23.012 ms - 10383[0m
[0mGET /sounds/sound.ogg [33m404[0m 6.648 ms - 155[0m
[0mGET / [32m200[0m 19.779 ms - 10408[0m
[0mGET /sounds/sound.ogg [33m404[0m 8.618 ms - 155[0m
[0mGET / [32m200[0m 28.019 ms - 10427[0m
[0mGET /sounds/sound.ogg [33m404[0m 10.139 ms - 155[0m
[0mGET / [32m200[0m 17.907 ms - 10425[0m
[0mGET /sounds/sound.ogg [33m404[0m 10.030 ms - 155[0m
[0mGET / [32m200[0m 31.070 ms - 10431[0m
[0mGET /sounds/sound.ogg [33m404[0m 11.984 ms - 155[0m
[0mGET / [32m200[0m 24.759 ms - 10423[0m
[0mGET /sounds/sound.ogg [33m404[0m 8.938 ms - 155[0m
[0mGET / [32m200[0m 15.943 ms - 10430[0m
[0mGET /sounds/sound.ogg [33m404[0m 8.777 ms - 155[0m
[0mGET / [32m200[0m 24.220 ms - 10439[0m
[0mGET /sounds/sound.ogg [33m404[0m 8.183 ms - 155[0m
[0mGET / [32m200[0m 17.720 ms - 10470[0m
[0mGET /sounds/sound.ogg [33m404[0m 10.163 ms - 155[0m
[0mGET / [32m200[0m 13.470 ms - 10500[0m
[0mGET /sounds/sound.ogg [33m404[0m 9.529 ms - 155[0m
[0mGET / [36m304[0m 12.962 ms - -[0m
[0mGET /sounds/sound.ogg [33m404[0m 9.500 ms - 155[0m
[0mGET / [32m200[0m 27.423 ms - 10501[0m
[0mGET /sounds/sound.ogg [33m404[0m 9.714 ms - 155[0m
[0mGET / [32m200[0m 15.541 ms - 10500[0m
[0mGET /sounds/sound.ogg [33m404[0m 18.799 ms - 155[0m
[0mGET / [32m200[0m 14.229 ms - 10548[0m
[0mGET /sounds/sound.ogg [33m404[0m 14.075 ms - 155[0m
[0mGET / [36m304[0m 16.229 ms - -[0m
[0mGET /sounds/sound.ogg [33m404[0m 5.578 ms - 155[0m
[0mGET / [32m200[0m 16.392 ms - 10544[0m
[0mGET /sounds/sound.ogg [33m404[0m 8.077 ms - 155[0m
[0mGET / [36m304[0m 12.740 ms - -[0m
[0mGET /sounds/sound.ogg [33m404[0m 8.752 ms - 155[0m
[0mGET / [32m200[0m 19.651 ms - 10545[0m
[0mGET /sounds/sound.ogg [33m404[0m 4.646 ms - 155[0m
[0mGET / [32m200[0m 17.382 ms - 10547[0m
[0mGET /sounds/sound.ogg [33m404[0m 8.831 ms - 155[0m
[0mGET / [32m200[0m 26.973 ms - 10571[0m
[0mGET /sounds/sound.ogg [33m404[0m 17.569 ms - 155[0m
[0mGET / [32m200[0m 24.137 ms - 10570[0m
[0mGET /sounds/sound.ogg [33m404[0m 6.785 ms - 155[0m
[0mGET / [32m200[0m 20.435 ms - 10542[0m
[0mGET /sounds/sound.ogg [33m404[0m 13.747 ms - 155[0m
[0mGET / [36m304[0m 11.244 ms - -[0m
[0mGET /sounds/sound.ogg [33m404[0m 7.775 ms - 155[0m
[0mGET / [36m304[0m 7.983 ms - -[0m
[0mGET /sounds/sound.ogg [33m404[0m 5.271 ms - 155[0m
[0mGET / [32m200[0m 18.426 ms - 10554[0m
[0mGET /sounds/sound.ogg [33m404[0m 7.581 ms - 155[0m
[0mGET / [36m304[0m 23.001 ms - -[0m
[0mGET /sounds/sound.ogg [33m404[0m 10.564 ms - 155[0m
[0mGET / [32m200[0m 24.205 ms - 10576[0m
[0mGET /sounds/sound.ogg [33m404[0m 7.166 ms - 155[0m
[0mGET / [32m200[0m 16.479 ms - 10598[0m
[0mGET /sounds/sound.ogg [33m404[0m 9.083 ms - 155[0m
[0mGET / [36m304[0m 17.167 ms - -[0m
[0mGET /sounds/sound.ogg [33m404[0m 5.420 ms - 155[0m
[0mGET / [32m200[0m 21.274 ms - 10651[0m
[0mGET /sounds/sound.ogg [33m404[0m 6.695 ms - 155[0m
[0mGET / [32m200[0m 16.697 ms - 10649[0m
[0mGET /sounds/sound.ogg [33m404[0m 9.461 ms - 155[0m
[0mGET / [32m200[0m 24.534 ms - 10654[0m
[0mGET /sounds/sound.ogg [33m404[0m 7.533 ms - 155[0m
[0mGET / [36m304[0m 21.522 ms - -[0m
[0mGET /sounds/sound.ogg [33m404[0m 11.503 ms - 155[0m
[0mGET / [36m304[0m 13.715 ms - -[0m
[0mGET /sounds/sound.ogg [33m404[0m 13.055 ms - 155[0m
[0mGET /users/signOut [36m302[0m 7.950 ms - 46[0m
[0mGET / [32m200[0m 8.757 ms - 9636[0m
[0mGET /sounds/sound.ogg [33m404[0m 3.662 ms - 155[0m
[0mGET / [32m200[0m 11.039 ms - 9425[0m
[0mGET /sounds/sound.ogg [33m404[0m 6.036 ms - 155[0m
[0mGET / [32m200[0m 19.363 ms - 9421[0m
[0mGET /sounds/sound.ogg [33m404[0m 3.556 ms - 155[0m
[0mGET / [32m200[0m 11.215 ms - 9313[0m
[0mGET /sounds/sound.ogg [33m404[0m 8.920 ms - 155[0m
[0mGET / [32m200[0m 13.026 ms - 9435[0m
[0mGET /sounds/sound.ogg [33m404[0m 2.405 ms - 155[0m
[0mGET / [36m304[0m 8.403 ms - -[0m
[0mGET /sounds/sound.ogg [33m404[0m 8.945 ms - 155[0m
[0mGET / [32m200[0m 8.923 ms - 9420[0m
[0mGET /sounds/sound.ogg [33m404[0m 6.789 ms - 155[0m
[0mGET /users/signIn [36m304[0m 10.136 ms - -[0m
[0mPOST /users/create_session [36m302[0m 6.531 ms - 46[0m
[0mGET / [32m200[0m 15.984 ms - 10865[0m
[0mGET /sounds/sound.ogg [33m404[0m 7.693 ms - 155[0m
[0mGET / [32m200[0m 15.061 ms - 10660[0m
[0mGET /sounds/sound.ogg [33m404[0m 7.544 ms - 155[0m
[0mGET / [32m200[0m 15.590 ms - 10662[0m
[0mGET /sounds/sound.ogg [33m404[0m 9.451 ms - 155[0m
[0mGET / [32m200[0m 22.357 ms - 10660[0m
[0mGET /sounds/sound.ogg [33m404[0m 12.974 ms - 155[0m
[0mGET / [32m200[0m 25.356 ms - 10668[0m
[0mGET /sounds/sound.ogg [33m404[0m 7.351 ms - 155[0m
[0mGET / [36m304[0m 18.326 ms - -[0m
[0mGET /sounds/sound.ogg [33m404[0m 12.850 ms - 155[0m
[0mGET / [36m304[0m 15.215 ms - -[0m
[0mGET /sounds/sound.ogg [33m404[0m 8.352 ms - 155[0m
[0mGET / [36m304[0m 24.430 ms - -[0m
[0mGET /sounds/sound.ogg [33m404[0m 11.889 ms - 155[0m
[0mGET / [36m304[0m 16.586 ms - -[0m
[0mGET /sounds/sound.ogg [33m404[0m 11.829 ms - 155[0m
[0mGET / [36m304[0m 11.785 ms - -[0m
[0mGET /sounds/sound.ogg [33m404[0m 8.595 ms - 155[0m
[0mGET / [36m304[0m 14.511 ms - -[0m
[0mGET /sounds/sound.ogg [33m404[0m 7.743 ms - 155[0m
[0mGET / [36m304[0m 15.064 ms - -[0m
[0mGET /sounds/sound.ogg [33m404[0m 9.114 ms - 155[0m
[0mGET / [36m304[0m 13.993 ms - -[0m
[0mGET /sounds/sound.ogg [33m404[0m 8.045 ms - 155[0m
[0mGET / [36m304[0m 13.285 ms - -[0m
[0mGET /sounds/sound.ogg [33m404[0m 5.802 ms - 155[0m
[0mGET / [36m304[0m 14.360 ms - -[0m
[0mGET /sounds/sound.ogg [33m404[0m 9.957 ms - 155[0m
[0mGET / [36m304[0m 15.536 ms - -[0m
[0mGET /sounds/sound.ogg [33m404[0m 10.151 ms - 155[0m
[0mGET / [36m304[0m 14.670 ms - -[0m
[0mGET /sounds/sound.ogg [33m404[0m 6.931 ms - 155[0m
[0mGET / [36m304[0m 10.786 ms - -[0m
[0mGET /sounds/sound.ogg [33m404[0m 8.813 ms - 155[0m
[0mGET /users/signIn [36m302[0m 49.666 ms - 72[0m
[0mGET /users/profile [33m404[0m 9.110 ms - 152[0m
[0mGET /users/profile [33m404[0m 6.344 ms - 152[0m
[0mGET /users/forgotPasswordEnterMail [32m200[0m 18.379 ms - 5232[0m
[0mGET /users/profile/6084f8d3c4a13d32f49e082e [36m304[0m 15.196 ms - -[0m
[0mGET / [36m304[0m 21.522 ms - -[0m
[0mGET /sounds/sound.ogg [33m404[0m 9.733 ms - 155[0m
[0mGET / [36m304[0m 12.768 ms - -[0m
[0mGET /sounds/sound.ogg [33m404[0m 10.923 ms - 155[0m
[0mGET / [32m200[0m 24.178 ms - 10679[0m
[0mGET /sounds/sound.ogg [33m404[0m 7.664 ms - 155[0m
[0mGET /pubsub/pub [31m500[0m 10.726 ms - 2948[0m
[0mGET /pubsub/pub [31m500[0m 6.248 ms - 2948[0m
[0mGET / [36m304[0m 46.002 ms - -[0m
[0mGET /sounds/sound.ogg [33m404[0m 13.644 ms - 155[0m
[0mGET /pubsub/pub [32m200[0m 17.890 ms - 4266[0m
[0mGET /pubsub/pub [36m304[0m 24.613 ms - -[0m
[0mGET / [36m304[0m 50.238 ms - -[0m
[0mGET /sounds/sound.ogg [33m404[0m 11.836 ms - 155[0m
[0mGET / [36m304[0m 14.668 ms - -[0m
[0mGET /sounds/sound.ogg [33m404[0m 11.745 ms - 155[0m
[0mGET / [36m304[0m 18.600 ms - -[0m
[0mGET /sounds/sound.ogg [33m404[0m 9.710 ms - 155[0m
[0mGET / [32m200[0m 27.309 ms - 10690[0m
[0mGET /sounds/sound.ogg [33m404[0m 12.406 ms - 155[0m
[0mGET / [36m304[0m 29.390 ms - -[0m
[0mGET /sounds/sound.ogg [33m404[0m 10.356 ms - 155[0m
[0mGET /pubsub/sub [32m200[0m 14.066 ms - 4270[0m
[0mGET / [32m200[0m 15.587 ms - 10691[0m
[0mGET /sounds/sound.ogg [33m404[0m 12.356 ms - 155[0m
[0mGET /pubsub/pub [36m304[0m 15.588 ms - -[0m
[0mGET / [32m200[0m 29.039 ms - 10669[0m
[0mGET /sounds/sound.ogg [33m404[0m 12.783 ms - 155[0m
[0mGET / [32m200[0m 20.993 ms - 10692[0m
[0mGET /sounds/sound.ogg [33m404[0m 9.432 ms - 155[0m
[0mGET / [36m304[0m 17.466 ms - -[0m
[0mGET /sounds/sound.ogg [33m404[0m 4.871 ms - 155[0m
[0mGET / [36m304[0m 10.956 ms - -[0m
[0mGET /sounds/sound.ogg [33m404[0m 9.635 ms - 155[0m
[0mGET / [36m304[0m 10.263 ms - -[0m
[0mGET /sounds/sound.ogg [33m404[0m 4.873 ms - 155[0m
[0mGET / [32m200[0m 12.016 ms - 10689[0m
[0mGET /sounds/sound.ogg [33m404[0m 5.970 ms - 155[0m
[0mGET /pubsub/pub [36m304[0m 7.660 ms - -[0m
[0mGET / [32m200[0m 23.844 ms - 10705[0m
[0mGET /sounds/sound.ogg [33m404[0m 6.589 ms - 155[0m
[0mGET / [32m200[0m 17.453 ms - 10706[0m
[0mGET /sounds/sound.ogg [33m404[0m 13.094 ms - 155[0m
[0mGET /pubsub/pub [36m304[0m 13.325 ms - -[0m
[0mGET /pubsub/pub [36m304[0m 8.953 ms - -[0m
[0mGET / [32m200[0m 11.590 ms - 10705[0m
[0mGET /sounds/sound.ogg [33m404[0m 7.311 ms - 155[0m
[0mGET /pubsub/pub [36m304[0m 13.279 ms - -[0m
[0mGET / [32m200[0m 16.757 ms - 10717[0m
[0mGET /sounds/sound.ogg [33m404[0m 10.545 ms - 155[0m
[0mGET / [32m200[0m 24.312 ms - 10720[0m
[0mGET /sounds/sound.ogg [33m404[0m 8.398 ms - 155[0m
[0mGET / [36m304[0m 13.834 ms - -[0m
[0mGET /sounds/sound.ogg [33m404[0m 6.032 ms - 155[0m
[0mGET /pubsub/pub [36m304[0m 7.125 ms - -[0m
[0mGET / [32m200[0m 22.895 ms - 10725[0m
[0mGET /sounds/sound.ogg [33m404[0m 9.123 ms - 155[0m
[0mGET /pubsub/sub [36m304[0m 6.524 ms - -[0m
[0mGET /pubsub/pub [36m304[0m 11.653 ms - -[0m
[0mGET / [32m200[0m 18.361 ms - 10727[0m
[0mGET /sounds/sound.ogg [33m404[0m 9.818 ms - 155[0m
[0mGET /pubsub/sub [36m304[0m 6.809 ms - -[0m
[0mGET / [32m200[0m 17.015 ms - 10725[0m
[0mGET /sounds/sound.ogg [33m404[0m 8.556 ms - 155[0m
[0mGET /pubsub/sub [36m304[0m 9.324 ms - -[0m
[0mGET /pubsub/sub [36m304[0m 8.927 ms - -[0m
[0mGET /pubsub/pub [36m304[0m 10.209 ms - -[0m
[0mGET / [32m200[0m 16.848 ms - 10652[0m
[0mGET /sounds/sound.ogg [33m404[0m 4.837 ms - 155[0m
[0mGET / [36m304[0m 12.792 ms - -[0m
[0mGET /sounds/sound.ogg [33m404[0m 6.632 ms - 155[0m
[0mGET / [32m200[0m 16.534 ms - 10652[0m
[0mGET /sounds/sound.ogg [33m404[0m 10.180 ms - 155[0m
[0mGET /pubsub/sub [36m304[0m 14.190 ms - -[0m
[0mGET /pubsub/pub [36m304[0m 9.973 ms - -[0m
[0mGET /pubsub/sub [36m304[0m 5.728 ms - -[0m
[0mGET / [32m200[0m 18.139 ms - 10292[0m
[0mGET /sounds/sound.ogg [33m404[0m 8.666 ms - 155[0m
[0mGET / [32m200[0m 13.993 ms - 10282[0m
[0mGET /sounds/sound.ogg [33m404[0m 10.714 ms - 155[0m
[0mGET / [36m304[0m 8.972 ms - -[0m
[0mGET /sounds/sound.ogg [33m404[0m 5.367 ms - 155[0m
[0mGET / [36m304[0m 9.346 ms - -[0m
[0mGET /sounds/sound.ogg [33m404[0m 5.524 ms - 155[0m
[0mGET / [32m200[0m 18.600 ms - 9872[0m
[0mGET /sounds/sound.ogg [33m404[0m 8.938 ms - 155[0m
[0mGET / [32m200[0m 11.877 ms - 9696[0m
[0mGET /sounds/sound.ogg [33m404[0m 4.903 ms - 155[0m
[0mGET / [36m304[0m 17.489 ms - -[0m
[0mGET /sounds/sound.ogg [33m404[0m 6.053 ms - 155[0m
[0mGET / [36m304[0m 14.563 ms - -[0m
[0mGET /sounds/sound.ogg [33m404[0m 6.726 ms - 155[0m
[0mGET / [32m200[0m 12.376 ms - 9422[0m
[0mGET /sounds/sound.ogg [33m404[0m 8.736 ms - 155[0m
[0mGET / [32m200[0m 14.799 ms - 9328[0m
[0mGET /users/profile/6084f8d3c4a13d32f49e082e [32m200[0m 13.109 ms - 7388[0m
[0mGET /about [32m200[0m 9.004 ms - 13868[0m
[0mGET / [36m304[0m 23.410 ms - -[0m
[0mGET /pubsub/pub [32m200[0m 9.023 ms - 3896[0m
[0mGET / [32m200[0m 50.591 ms - 9328[0m
[0mGET /pubsub/sub [32m200[0m 38.270 ms - 3900[0m
[0mGET /users/signOut [36m302[0m 13.336 ms - 46[0m
[0mGET / [32m200[0m 21.917 ms - 8307[0m
[0mGET /pubsub/pub [32m200[0m 8.330 ms - 3797[0m
[0mGET /pubsub/pub [36m304[0m 27.966 ms - -[0m
[0mGET /users/signIn [32m200[0m 10.856 ms - 6114[0m
[0mGET /pubsub/pub [36m304[0m 4.868 ms - -[0m
[0mGET /pubsub/sub [32m200[0m 6.655 ms - 6114[0m
[0mGET /pubsub/sub [36m304[0m 17.946 ms - -[0m
[0mGET /pubsub/pub [32m200[0m 56.855 ms - 6114[0m
[0mPOST /users/create_session [36m302[0m 36.764 ms - 46[0m
[0mGET / [32m200[0m 31.155 ms - 9544[0m
[0mGET /pubsub/pub [32m200[0m 13.960 ms - 3896[0m
[0mGET /pubsub/sub [32m200[0m 10.583 ms - 3900[0m
[0mGET /pubsub/sub [32m200[0m 47.585 ms - 3900[0m
[0mGET /pubsub/sub [36m304[0m 9.321 ms - -[0m
[0mGET /pubsub/sub [36m304[0m 5.918 ms - -[0m
[0mGET /users/profile/6084f8d3c4a13d32f49e082e [36m304[0m 12.058 ms - -[0m
[0mGET /pubsub/pub [36m304[0m 6.334 ms - -[0m
[0mGET / [32m200[0m 16.178 ms - 9328[0m
[0mGET / [36m304[0m 14.366 ms - -[0m
[0mGET /pubsub/sub [36m304[0m 13.114 ms - -[0m
[0mGET /users/profile/6084f8d3c4a13d32f49e082e [36m304[0m 15.715 ms - -[0m
[0mGET / [36m304[0m 15.922 ms - -[0m
[0mGET /pubsub/pub [36m304[0m 11.470 ms - -[0m
[0mGET / [32m200[0m 172.858 ms - 8096[0m
[0mGET /users/signIn [32m200[0m 20.607 ms - 6114[0m
[0mPOST /users/create_session [36m302[0m 17.031 ms - 46[0m
[0mGET / [32m200[0m 16.577 ms - 9544[0m
[0mPOST /users/create_session [36m302[0m 8.214 ms - 46[0m
[0mGET / [36m304[0m 17.321 ms - -[0m
[0mGET /users/profile/6084f8d3c4a13d32f49e082e [32m200[0m 20.429 ms - 7388[0m
[0mGET /pubsub/sub [32m200[0m 18.626 ms - 3900[0m
[0mGET /pubsub/sub [36m304[0m 12.323 ms - -[0m
[0mGET / [32m200[0m 93.942 ms - 10745[0m
[0mGET /users/signOut [36m302[0m 18.282 ms - 46[0m
[0mGET / [32m200[0m 22.018 ms - 8408[0m
[0mGET /users/signIn [36m304[0m 15.934 ms - -[0m
[0mPOST /users/create_session [36m302[0m 7.087 ms - 46[0m
[0mGET / [32m200[0m 17.830 ms - 10961[0m
[0mGET / [32m200[0m 18.361 ms - 10745[0m
[0mGET / [36m304[0m 58.974 ms - -[0m
[0mGET / [32m200[0m 56.473 ms - 10856[0m
[0mGET / [36m304[0m 23.320 ms - -[0m
[0mGET / [32m200[0m 54.848 ms - 10940[0m
[0mGET / [36m304[0m 49.887 ms - -[0m
[0mGET / [36m304[0m 48.738 ms - -[0m
[0mGET / [36m304[0m 51.994 ms - -[0m
[0mGET / [36m304[0m 29.121 ms - -[0m
[0mGET / [32m200[0m 52.606 ms - 11172[0m
[0mGET / [36m304[0m 28.004 ms - -[0m
[0mGET / [36m304[0m 19.180 ms - -[0m
[0mGET / [36m304[0m 14.659 ms - -[0m
[0mGET / [36m304[0m 15.219 ms - -[0m
[0mGET / [32m200[0m 18.584 ms - 11172[0m
[0mGET / [36m304[0m 16.464 ms - -[0m
[0mGET / [36m304[0m 52.860 ms - -[0m
[0mGET / [36m304[0m 24.053 ms - -[0m
[0mGET / [32m200[0m 16.835 ms - 11153[0m
[0mGET / [36m304[0m 15.774 ms - -[0m
[0mGET / [36m304[0m 16.418 ms - -[0m
[0mGET / [36m304[0m 13.862 ms - -[0m
[0mGET / [36m304[0m 13.008 ms - -[0m
[0mGET / [36m304[0m 18.887 ms - -[0m
[0mGET / [36m304[0m 57.100 ms - -[0m
[0mGET / [36m304[0m 30.143 ms - -[0m
[0mGET / [32m200[0m 18.031 ms - 11298[0m
[0mGET / [36m304[0m 56.407 ms - -[0m
[0mGET / [32m200[0m 25.927 ms - 11251[0m
[0mGET / [32m200[0m 19.738 ms - 11119[0m
[0mGET / [36m304[0m 54.053 ms - -[0m
[0mGET / [36m304[0m 69.246 ms - -[0m
[0mGET / [36m304[0m 25.960 ms - -[0m
[0mGET / [36m304[0m 23.740 ms - -[0m
[0mGET / [36m304[0m 17.950 ms - -[0m
[0mGET / [36m304[0m 114.225 ms - -[0m
[0mGET / [36m304[0m 28.645 ms - -[0m
[0mGET / [36m304[0m 26.398 ms - -[0m
[0mGET / [36m304[0m 14.041 ms - -[0m
[0mGET / [36m304[0m 17.312 ms - -[0m
[0mGET / [36m304[0m 11.577 ms - -[0m
[0mGET / [36m304[0m 17.686 ms - -[0m
[0mGET / [36m304[0m 18.444 ms - -[0m
[0mGET / [36m304[0m 10.392 ms - -[0m
[0mGET / [36m304[0m 21.558 ms - -[0m
[0mGET / [36m304[0m 16.118 ms - -[0m
[0mGET / [36m304[0m 13.815 ms - -[0m
[0mGET / [36m304[0m 17.415 ms - -[0m
[0mGET / [36m304[0m 13.326 ms - -[0m
[0mGET / [36m304[0m 14.446 ms - -[0m
[0mGET / [32m200[0m 13.662 ms - 8426[0m
[0mGET / [36m304[0m 14.111 ms - -[0m
[0mGET /users/signIn [36m304[0m 7.429 ms - -[0m
[0mPOST /users/create_session [36m302[0m 12.661 ms - 46[0m
[0mGET / [32m200[0m 14.631 ms - 11335[0m
[0mGET / [32m200[0m 11.295 ms - 11119[0m
[0mGET / [36m304[0m 10.537 ms - -[0m
[0mGET / [36m304[0m 15.873 ms - -[0m
[0mGET / [36m304[0m 15.174 ms - -[0m
[0mGET / [36m304[0m 20.965 ms - -[0m
[0mGET / [36m304[0m 13.749 ms - -[0m
[0mGET / [32m200[0m 23.944 ms - 11198[0m
[0mGET / [36m304[0m 14.042 ms - -[0m
[0mGET / [32m200[0m 13.201 ms - 11119[0m
[0mGET / [36m304[0m 13.172 ms - -[0m
[0mGET / [36m304[0m 14.278 ms - -[0m
[0mGET / [32m200[0m 22.990 ms - 11198[0m
[0mGET / [36m304[0m 11.328 ms - -[0m
[0mGET / [36m304[0m 14.561 ms - -[0m
[0mGET / [36m304[0m 13.985 ms - -[0m
[0mGET / [36m304[0m 16.959 ms - -[0m
[0mGET / [36m304[0m 10.812 ms - -[0m
[0mGET / [36m304[0m 10.469 ms - -[0m
[0mGET / [36m304[0m 9.757 ms - -[0m
[0mGET / [36m304[0m 12.880 ms - -[0m
[0mGET / [36m304[0m 15.155 ms - -[0m
[0mGET / [36m304[0m 10.888 ms - -[0m
[0mGET / [36m304[0m 10.451 ms - -[0m
[0mGET / [36m304[0m 8.527 ms - -[0m
[0mGET / [36m304[0m 21.664 ms - -[0m
[0mGET / [36m304[0m 9.151 ms - -[0m
[0mGET / [36m304[0m 11.522 ms - -[0m
[0mGET / [36m304[0m 12.407 ms - -[0m
[0mGET / [36m304[0m 14.303 ms - -[0m
[0mGET / [36m304[0m 19.022 ms - -[0m
[0mGET / [36m304[0m 30.165 ms - -[0m
[0mGET / [32m200[0m 44.490 ms - 11119[0m
[0mGET / [36m304[0m 13.214 ms - -[0m
[0mGET / [36m304[0m 16.367 ms - -[0m
[0mGET / [36m304[0m 8.311 ms - -[0m
[0mGET / [32m200[0m 8.693 ms - 11198[0m
[0mGET / [36m304[0m 13.114 ms - -[0m
[0mGET / [36m304[0m 9.024 ms - -[0m
[0mGET / [36m304[0m 7.377 ms - -[0m
[0mGET / [32m200[0m 13.439 ms - 11119[0m
[0mGET / [36m304[0m 10.123 ms - -[0m
[0mGET / [32m200[0m 115.242 ms - 8573[0m
[0mGET /users/signIn [36m304[0m 16.439 ms - -[0m
[0mPOST /users/create_session [36m302[0m 13.076 ms - 46[0m
[0mGET / [32m200[0m 17.002 ms - 11534[0m
[0mGET / [32m200[0m 26.213 ms - 11318[0m
[0mGET / [32m200[0m 22.898 ms - 11266[0m
[0mGET / [36m304[0m 23.254 ms - -[0m
[0mGET / [36m304[0m 19.957 ms - -[0m
[0mGET / [36m304[0m 14.682 ms - -[0m
[0mGET / [36m304[0m 17.717 ms - -[0m
[0mGET / [36m304[0m 15.190 ms - -[0m
[0mGET / [36m304[0m 21.243 ms - -[0m
[0mGET / [36m304[0m 14.506 ms - -[0m
[0mGET / [36m304[0m 20.726 ms - -[0m
[0mGET / [36m304[0m 14.606 ms - -[0m
[0mGET / [36m304[0m 15.875 ms - -[0m
[0mGET / [36m304[0m 15.179 ms - -[0m
[0mGET / [36m304[0m 19.263 ms - -[0m
[0mGET / [36m304[0m 16.423 ms - -[0m
[0mGET / [36m304[0m 15.909 ms - -[0m
[0mGET / [36m304[0m 13.639 ms - -[0m
[0mGET / [36m304[0m 48.093 ms - -[0m
[0mGET / [32m200[0m 31.910 ms - 11282[0m
[0mGET / [36m304[0m 16.061 ms - -[0m
[0mGET / [36m304[0m 17.622 ms - -[0m
[0mGET / [36m304[0m 18.295 ms - -[0m
[0mGET / [36m304[0m 16.826 ms - -[0m
[0mGET / [36m304[0m 13.102 ms - -[0m
[0mGET / [36m304[0m 15.746 ms - -[0m
[0mGET / [36m304[0m 13.798 ms - -[0m
[0mGET / [36m304[0m 18.625 ms - -[0m
[0mGET / [36m304[0m 14.764 ms - -[0m
[0mGET / [36m304[0m 19.353 ms - -[0m
[0mGET / [36m304[0m 20.474 ms - -[0m
[0mGET / [36m304[0m 16.719 ms - -[0m
[0mGET / [36m304[0m 14.831 ms - -[0m
[0mGET / [32m200[0m 14.668 ms - 11282[0m
[0mGET / [36m304[0m 15.814 ms - -[0m
[0mGET / [36m304[0m 16.631 ms - -[0m
[0mGET / [36m304[0m 17.162 ms - -[0m
[0mGET / [36m304[0m 19.115 ms - -[0m
[0mGET / [36m304[0m 15.136 ms - -[0m
[0mGET / [36m304[0m 14.200 ms - -[0m
[0mGET / [36m304[0m 16.987 ms - -[0m
[0mGET / [36m304[0m 15.736 ms - -[0m
[0mGET / [36m304[0m 14.132 ms - -[0m
[0mGET / [36m304[0m 10.449 ms - -[0m
[0mGET / [36m304[0m 12.548 ms - -[0m
[0mGET / [36m304[0m 13.455 ms - -[0m
[0mGET / [36m304[0m 13.868 ms - -[0m
[0mGET / [36m304[0m 12.968 ms - -[0m
[0mGET / [36m304[0m 16.169 ms - -[0m
[0mGET / [32m200[0m 19.290 ms - 11273[0m
[0mGET / [36m304[0m 15.708 ms - -[0m
[0mGET / [36m304[0m 15.868 ms - -[0m
[0mGET / [36m304[0m 16.182 ms - -[0m
[0mGET / [36m304[0m 14.602 ms - -[0m
[0mGET / [36m304[0m 15.173 ms - -[0m
[0mGET / [36m304[0m 14.074 ms - -[0m
[0mGET / [36m304[0m 13.214 ms - -[0m
[0mGET / [36m304[0m 14.076 ms - -[0m
[0mGET / [36m304[0m 14.124 ms - -[0m
[0mGET / [36m304[0m 13.106 ms - -[0m
[0mGET / [36m304[0m 15.720 ms - -[0m
[0mGET / [36m304[0m 14.280 ms - -[0m
[0mGET / [36m304[0m 16.831 ms - -[0m
[0mGET / [36m304[0m 13.358 ms - -[0m
[0mGET / [36m304[0m 12.224 ms - -[0m
[0mGET / [36m304[0m 11.169 ms - -[0m
[0mGET / [36m304[0m 13.660 ms - -[0m
[0mGET / [36m304[0m 16.055 ms - -[0m
[0mGET / [36m304[0m 24.375 ms - -[0m
[0mGET / [36m304[0m 12.284 ms - -[0m
[0mGET / [36m304[0m 12.362 ms - -[0m
[0mGET / [32m200[0m 10.718 ms - 8580[0m
[0mGET /users/signIn [32m200[0m 8.015 ms - 6114[0m
[0mPOST /users/create_session [36m302[0m 13.608 ms - 70[0m
[0mGET /users/signIn [32m200[0m 4.917 ms - 6330[0m
[0mPOST /users/create_session [36m302[0m 5.496 ms - 70[0m
[0mGET /users/signIn [36m304[0m 4.677 ms - -[0m
[0mGET /users/forgotPasswordEnterMail [32m200[0m 6.851 ms - 4763[0m
[0mPOST /users/reset-password [36m302[0m 50.400 ms - 146[0m
[0mGET /users/forgotPasswordEnterMail [32m200[0m 8.082 ms - 5018[0m
[0mGET /users/reset-password/da281ecc30d536a148561a6d91bc522b16ec558f [32m200[0m 46.550 ms - 6205[0m
[0mPOST /users/set-new-password [36m302[0m 14.048 ms - 70[0m
[0mGET /users/signIn [32m200[0m 4.933 ms - 6347[0m
[0mPOST /users/create_session [36m302[0m 7.039 ms - 46[0m
[0mGET / [32m200[0m 25.912 ms - 11487[0m
[0mGET / [36m304[0m 16.723 ms - -[0m
[0mGET / [36m304[0m 11.896 ms - -[0m
[0mGET / [32m200[0m 22.477 ms - 11271[0m
[0mGET / [36m304[0m 10.803 ms - -[0m
[0mGET /users/forgotPasswordEnterMail [32m200[0m 13.926 ms - 4862[0m
[0mGET /users/forgotPasswordEnterMail [36m304[0m 14.341 ms - -[0m
[0mGET /users/forgotPasswordEnterMail [36m304[0m 9.482 ms - -[0m
[0mGET / [36m304[0m 19.215 ms - -[0m
[0mGET / [36m304[0m 13.986 ms - -[0m
[0mGET / [36m304[0m 20.743 ms - -[0m
[0mGET / [36m304[0m 25.332 ms - -[0m
[0mGET / [36m304[0m 22.040 ms - -[0m
[0mGET / [36m304[0m 19.708 ms - -[0m
[0mGET / [36m304[0m 17.336 ms - -[0m
[0mGET / [36m304[0m 37.830 ms - -[0m
[0mGET / [36m304[0m 18.760 ms - -[0m
[0mGET / [36m304[0m 15.590 ms - -[0m
[0mGET / [36m304[0m 19.739 ms - -[0m
[0mGET / [32m200[0m 13.545 ms - 11289[0m
[0mGET / [36m304[0m 32.142 ms - -[0m
[0mGET / [32m200[0m 20.242 ms - 11271[0m
[0mGET / [36m304[0m 14.146 ms - -[0m
[0mGET / [36m304[0m 22.359 ms - -[0m
[0mGET / [36m304[0m 22.242 ms - -[0m
[0mGET / [36m304[0m 22.494 ms - -[0m
[0mGET / [36m304[0m 25.122 ms - -[0m
[0mGET / [36m304[0m 14.942 ms - -[0m
[0mGET / [36m304[0m 17.144 ms - -[0m
[0mGET / [36m304[0m 23.859 ms - -[0m
[0mGET / [36m304[0m 16.401 ms - -[0m
[0mGET / [36m304[0m 23.455 ms - -[0m
[0mGET / [36m304[0m 23.856 ms - -[0m
[0mGET / [36m304[0m 13.513 ms - -[0m
[0mGET / [36m304[0m 14.905 ms - -[0m
[0mGET / [36m304[0m 11.867 ms - -[0m
[0mGET / [32m200[0m 21.539 ms - 8580[0m
[0mGET / [36m304[0m 16.155 ms - -[0m
[0mGET / [36m304[0m 23.318 ms - -[0m
[0mGET /users/signIn [36m304[0m 8.219 ms - -[0m
[0mPOST /users/create_session [36m302[0m 5.697 ms - 46[0m
[0mGET / [32m200[0m 17.228 ms - 11489[0m
[0mGET / [32m200[0m 28.117 ms - 11273[0m
[0mGET / [32m200[0m 14.053 ms - 8580[0m
[0mGET /users/signIn [32m200[0m 11.352 ms - 6114[0m
[0mPOST /users/create_session [36m302[0m 5.443 ms - 46[0m
[0mGET / [32m200[0m 19.865 ms - 11487[0m
[0mGET / [32m200[0m 21.765 ms - 11271[0m
[0mGET / [36m304[0m 21.575 ms - -[0m
[0mGET / [36m304[0m 18.239 ms - -[0m
[0mGET / [32m200[0m 401.700 ms - 8580[0m
[0mGET /users/signIn [36m304[0m 45.335 ms - -[0m
[0mPOST /users/create_session [36m302[0m 48.186 ms - 46[0m
[0mGET / [32m200[0m 62.795 ms - 11489[0m
[0mGET / [32m200[0m 29.160 ms - 8580[0m
[0mGET /users/signIn [32m200[0m 7.990 ms - 6114[0m
[0mPOST /users/create_session [36m302[0m 18.639 ms - 46[0m
[0mGET / [32m200[0m 20.715 ms - 11487[0m
[0mGET / [32m200[0m 30.327 ms - 11273[0m
[0mGET / [32m200[0m 128.584 ms - 8580[0m
[0mGET /users/signIn [36m304[0m 20.105 ms - -[0m
[0mPOST /users/create_session [36m302[0m 26.583 ms - 46[0m
[0mGET / [32m200[0m 36.937 ms - 11489[0m
[0mGET / [32m200[0m 80.839 ms - 11273[0m
[0mGET / [36m304[0m 90.685 ms - -[0m
[0mGET / [36m304[0m 59.301 ms - -[0m
[0mGET / [36m304[0m 34.493 ms - -[0m
[0mGET / [36m304[0m 36.709 ms - -[0m
[0mGET / [36m304[0m 35.453 ms - -[0m
[0mGET / [36m304[0m 57.937 ms - -[0m
[0mGET / [36m304[0m 31.453 ms - -[0m
[0mGET / [36m304[0m 58.906 ms - -[0m
[0mGET / [36m304[0m 70.082 ms - -[0m
[0mGET / [36m304[0m 62.457 ms - -[0m
[0mGET / [36m304[0m 33.097 ms - -[0m
[0mGET / [36m304[0m 31.634 ms - -[0m
[0mGET /mqtt [33m404[0m 21.935 ms - 143[0m
[0mGET /mqtt [33m404[0m 18.596 ms - 143[0m
[0mGET / [36m304[0m 22.336 ms - -[0m
[0mGET / [36m304[0m 17.340 ms - -[0m
[0mGET / [36m304[0m 25.302 ms - -[0m
[0mGET / [32m200[0m 67.077 ms - 8580[0m
[0mGET /users/signIn [36m304[0m 32.271 ms - -[0m
[0mPOST /users/create_session [36m302[0m 32.081 ms - 46[0m
[0mGET / [32m200[0m 49.828 ms - 11489[0m
[0mGET / [32m200[0m 22.304 ms - 11273[0m
[0mGET / [32m200[0m 33.434 ms - 8580[0m
[0mGET /users/signIn [32m200[0m 9.336 ms - 6114[0m
[0mPOST /users/create_session [36m302[0m 10.758 ms - 46[0m
[0mGET / [32m200[0m 26.550 ms - 11487[0m
[0mGET / [36m304[0m 24.903 ms - -[0m
[0mGET / [32m200[0m 17.377 ms - 11309[0m
[0mGET / [36m304[0m 58.611 ms - -[0m
[0mGET / [36m304[0m 18.385 ms - -[0m
[0mGET / [32m200[0m 20.995 ms - 11307[0m
[0mGET / [32m200[0m 30.874 ms - 11318[0m
[0mGET / [36m304[0m 25.097 ms - -[0m
[0mGET / [32m200[0m 152.323 ms - 11309[0m
[0mGET / [32m200[0m 41.320 ms - 11174[0m
[0mGET / [32m200[0m 46.999 ms - 11173[0m
[0mGET / [32m200[0m 33.685 ms - 10887[0m
[0mGET / [32m200[0m 59.159 ms - 8336[0m
[0mGET /users/signIn [32m200[0m 23.521 ms - 6114[0m
[0mPOST /users/create_session [36m302[0m 14.300 ms - 46[0m
[0mGET / [32m200[0m 22.184 ms - 11104[0m
[0mGET / [32m200[0m 14.497 ms - 10888[0m
[0mGET / [36m304[0m 14.391 ms - -[0m
[0mGET / [36m304[0m 16.537 ms - -[0m
[0mGET / [36m304[0m 14.674 ms - -[0m
[0mGET / [36m304[0m 13.213 ms - -[0m
[0mGET / [36m304[0m 21.963 ms - -[0m
[0mGET / [36m304[0m 14.315 ms - -[0m
[0mGET / [36m304[0m 11.368 ms - -[0m
[0mGET / [36m304[0m 13.283 ms - -[0m
[0mGET / [36m304[0m 15.242 ms - -[0m
[0mGET / [36m304[0m 12.073 ms - -[0m
[0mGET / [36m304[0m 14.671 ms - -[0m
[0mGET / [36m304[0m 16.000 ms - -[0m
[0mGET /yourimageurl.png [33m404[0m 7.744 ms - 155[0m
[0mGET / [36m304[0m 23.622 ms - -[0m
[0mGET /yourimageurl.png [33m404[0m 5.299 ms - 155[0m
[0mGET / [36m304[0m 21.600 ms - -[0m
[0mGET /yourimageurl.png [33m404[0m 7.723 ms - 155[0m
[0mGET / [36m304[0m 19.007 ms - -[0m
[0mGET /yourimageurl.png [33m404[0m 6.120 ms - 155[0m
[0mGET / [36m304[0m 16.674 ms - -[0m
[0mGET /yourimageurl.png [33m404[0m 5.967 ms - 155[0m
[0mGET / [36m304[0m 13.767 ms - -[0m
[0mGET / [36m304[0m 16.982 ms - -[0m
[0mGET / [36m304[0m 15.260 ms - -[0m
[0mGET / [36m304[0m 14.433 ms - -[0m
[0mGET / [36m304[0m 15.442 ms - -[0m
[0mGET /yourimageurl.png [33m404[0m 4.936 ms - 155[0m
[0mGET / [36m304[0m 14.431 ms - -[0m
[0mGET / [36m304[0m 13.824 ms - -[0m
[0mGET / [36m304[0m 15.662 ms - -[0m
[0mGET / [36m304[0m 16.028 ms - -[0m
[0mGET / [36m304[0m 16.900 ms - -[0m
[0mGET / [36m304[0m 23.208 ms - -[0m
[0mGET / [36m304[0m 13.354 ms - -[0m
[0mGET / [36m304[0m 17.481 ms - -[0m
[0mGET / [32m200[0m 15.892 ms - 8336[0m
[0mGET /users/signIn [32m200[0m 8.098 ms - 6114[0m
[0mPOST /users/create_session [36m302[0m 4.645 ms - 46[0m
[0mGET / [32m200[0m 11.474 ms - 11103[0m
[0mGET / [32m200[0m 11.389 ms - 10887[0m
[0mGET / [36m304[0m 16.840 ms - -[0m
[0mGET / [32m200[0m 11.761 ms - 8336[0m
[0mGET /users/signIn [32m200[0m 11.796 ms - 6114[0m
[0mPOST /users/create_session [36m302[0m 9.552 ms - 46[0m
[0mGET / [32m200[0m 27.254 ms - 11103[0m
[0mGET / [32m200[0m 15.471 ms - 10887[0m
[0mGET / [32m200[0m 18.337 ms - 10943[0m
[0mGET / [32m200[0m 47.958 ms - 11485[0m
[0mGET / [36m304[0m 19.203 ms - -[0m
[0mGET / [36m304[0m 14.463 ms - -[0m
[0mGET / [32m200[0m 23.665 ms - 11396[0m
[0mGET / [32m200[0m 18.537 ms - 11405[0m
[0mGET / [32m200[0m 17.793 ms - 11396[0m
[0mGET / [32m200[0m 12.350 ms - 11283[0m
[0mGET / [32m200[0m 10.338 ms - 11278[0m
[0mGET / [32m200[0m 12.485 ms - 11285[0m
[0mGET / [32m200[0m 14.243 ms - 11396[0m
[0mGET / [36m304[0m 16.369 ms - -[0m
[0mGET / [36m304[0m 14.074 ms - -[0m
[0mGET / [32m200[0m 10.920 ms - 11346[0m
[0mGET / [32m200[0m 17.213 ms - 11396[0m
[0mGET / [36m304[0m 13.918 ms - -[0m
[0mGET / [36m304[0m 17.672 ms - -[0m
[0mGET / [36m304[0m 16.785 ms - -[0m
[0mGET / [36m304[0m 15.864 ms - -[0m
[0mGET / [36m304[0m 15.372 ms - -[0m
[0mGET / [32m200[0m 13.408 ms - 11169[0m
[0mGET / [36m304[0m 13.175 ms - -[0m
[0mGET / [32m200[0m 18.692 ms - 11161[0m
[0mGET / [36m304[0m 16.558 ms - -[0m
[0mGET / [36m304[0m 14.066 ms - -[0m
[0mGET / [32m200[0m 13.614 ms - 11137[0m
[0mGET / [36m304[0m 13.343 ms - -[0m
[0mGET / [32m200[0m 14.239 ms - 11075[0m
[0mGET / [36m304[0m 13.811 ms - -[0m
[0mGET / [36m304[0m 12.705 ms - -[0m
[0mGET / [36m304[0m 12.571 ms - -[0m
[0mGET / [36m304[0m 12.753 ms - -[0m
[0mGET / [36m304[0m 18.886 ms - -[0m
[0mGET / [36m304[0m 10.965 ms - -[0m
[0mGET / [36m304[0m 13.388 ms - -[0m
[0mGET / [32m200[0m 11.614 ms - 11078[0m
[0mGET / [36m304[0m 18.584 ms - -[0m
[0mGET / [32m200[0m 12.256 ms - 11075[0m
[0mGET / [36m304[0m 12.103 ms - -[0m
[0mGET / [36m304[0m 12.523 ms - -[0m
[0mGET / [32m200[0m 10.768 ms - 11011[0m
[0mGET / [32m200[0m 17.382 ms - 11010[0m
[0mGET / [36m304[0m 13.081 ms - -[0m
[0mGET / [36m304[0m 8.944 ms - -[0m
[0mGET / [36m304[0m 13.763 ms - -[0m
[0mGET / [36m304[0m 8.799 ms - -[0m
[0mGET / [36m304[0m 9.685 ms - -[0m
[0mGET / [36m304[0m 9.256 ms - -[0m
[0mGET / [36m304[0m 7.138 ms - -[0m
[0mGET / [36m304[0m 10.350 ms - -[0m
[0mGET / [36m304[0m 12.574 ms - -[0m
[0mGET / [36m304[0m 10.829 ms - -[0m
[0mGET / [36m304[0m 8.759 ms - -[0m
[0mGET / [36m304[0m 9.924 ms - -[0m
[0mGET / [36m304[0m 9.229 ms - -[0m
[0mGET / [36m304[0m 11.143 ms - -[0m
[0mGET / [36m304[0m 10.514 ms - -[0m
[0mGET / [36m304[0m 9.415 ms - -[0m
[0mGET / [36m304[0m 11.539 ms - -[0m
[0mGET / [36m304[0m 10.010 ms - -[0m
[0mGET / [36m304[0m 10.323 ms - -[0m
[0mGET / [36m304[0m 10.758 ms - -[0m
[0mGET / [32m200[0m 11.272 ms - 11206[0m
[0mGET / [32m200[0m 7.405 ms - 8655[0m
[0mGET /users/signIn [36m304[0m 4.032 ms - -[0m
[0mPOST /users/create_session [36m302[0m 4.991 ms - 46[0m
[0mGET / [32m200[0m 11.168 ms - 11423[0m
[0mGET / [32m200[0m 9.798 ms - 11089[0m
[0mGET / [32m200[0m 8.701 ms - 11105[0m
[0mGET / [36m304[0m 13.198 ms - -[0m
[0mGET / [36m304[0m 7.156 ms - -[0m
[0mGET / [36m304[0m 10.126 ms - -[0m
[0mGET / [32m200[0m 11.417 ms - 11104[0m
[0mGET / [32m200[0m 10.409 ms - 11115[0m
[0mGET /assets/images/sound.ogg [33m404[0m 6.212 ms - 162[0m
[0mGET / [32m200[0m 25.659 ms - 11112[0m
[0mGET /assets/images/sound.ogg [33m404[0m 9.491 ms - 162[0m
[0mGET / [32m200[0m 16.471 ms - 11113[0m
[0mGET /assets/images/sound.ogg [33m404[0m 5.189 ms - 162[0m
[0mGET / [32m200[0m 24.098 ms - 11106[0m
[0mGET / [36m304[0m 8.068 ms - -[0m
[0mGET / [32m200[0m 11.158 ms - 11105[0m
[0mGET / [36m304[0m 11.317 ms - -[0m
[0mGET / [32m200[0m 10.479 ms - 11105[0m
[0mGET /imagessound.ogg [33m404[0m 6.431 ms - 154[0m
[0mGET / [36m304[0m 14.103 ms - -[0m
[0mGET /imagessound.ogg [33m404[0m 4.719 ms - 154[0m
[0mGET / [36m304[0m 7.566 ms - -[0m
[0mGET /imagessound.ogg [33m404[0m 5.665 ms - 154[0m
[0mGET / [32m200[0m 7.586 ms - 11105[0m
[0mGET / [36m304[0m 15.738 ms - -[0m
[0mGET / [36m304[0m 10.665 ms - -[0m
[0mGET / [32m200[0m 9.327 ms - 11106[0m
[0mGET / [32m200[0m 11.970 ms - 11107[0m
[0mGET / [32m200[0m 9.523 ms - 11105[0m
[0mGET / [36m304[0m 19.071 ms - -[0m
[0mGET / [36m304[0m 8.873 ms - -[0m
[0mGET / [36m304[0m 15.952 ms - -[0m
[0mGET / [36m304[0m 13.678 ms - -[0m
[0mGET / [36m304[0m 17.294 ms - -[0m
[0mGET / [36m304[0m 25.039 ms - -[0m
[0mGET / [36m304[0m 86.461 ms - -[0m
[0mGET /pubsub/pub [32m200[0m 24.801 ms - 3896[0m
[0mGET / [36m304[0m 20.015 ms - -[0m
[0mGET / [36m304[0m 20.566 ms - -[0m
[0mGET / [36m304[0m 16.586 ms - -[0m
[0mGET / [32m200[0m 15.853 ms - 11104[0m
[0mGET / [36m304[0m 14.166 ms - -[0m
[0mGET / [36m304[0m 17.527 ms - -[0m
[0mGET / [36m304[0m 22.904 ms - -[0m
[0mGET / [36m304[0m 16.745 ms - -[0m
[0mGET / [36m304[0m 23.769 ms - -[0m
[0mGET /pubsub/sub [32m200[0m 12.114 ms - 3900[0m
[0mGET /pubsub/sub [36m304[0m 13.157 ms - -[0m
[0mGET /pubsub/sub [36m304[0m 9.296 ms - -[0m
[0mGET /pubsub/sub [32m200[0m 9.237 ms - 4474[0m
[0mGET /pubsub/sub [32m200[0m 13.001 ms - 4511[0m
[0mGET /pubsub/sub? [32m200[0m 13.276 ms - 4511[0m
[0mGET /pubsub/sub? [32m200[0m 12.104 ms - 4523[0m
[0mGET /pubsub/sub? [36m304[0m 11.584 ms - -[0m
[0mGET /pubsub/sub? [32m200[0m 6.001 ms - 4536[0m
[0mGET /pubsub/sub? [36m304[0m 7.589 ms - -[0m
[0mGET /pubsub/sub? [32m200[0m 11.242 ms - 4564[0m
[0mGET /pubsub/sub? [36m304[0m 8.825 ms - -[0m
[0mGET /pubsub/sub? [32m200[0m 8.234 ms - 4565[0m
[0mGET /pubsub/sub? [32m200[0m 13.138 ms - 4566[0m
[0mGET /pubsub/sub? [36m304[0m 11.190 ms - -[0m
[0mGET /pubsub/sub? [32m200[0m 7.602 ms - 4565[0m
[0mGET /pubsub/sub [32m200[0m 11.196 ms - 4565[0m
[0mGET /pubsub/sub? [36m304[0m 10.710 ms - -[0m
[0mGET /pubsub/sub? [32m200[0m 7.718 ms - 4573[0m
[0mGET /pubsub/sub? [36m304[0m 10.709 ms - -[0m
[0mGET /pubsub/sub? [32m200[0m 7.429 ms - 4237[0m
[0mGET /pubsub/sub? [32m200[0m 12.155 ms - 4234[0m
[0mGET /about [32m200[0m 16.625 ms - 13868[0m
[0mGET /pubsub/sub? [36m304[0m 11.387 ms - -[0m
[0mGET /pubsub/sub? [32m200[0m 5.462 ms - 4254[0m
[0mGET /pubsub/sub? [36m304[0m 11.472 ms - -[0m
[0mGET /pubsub/sub? [36m304[0m 9.183 ms - -[0m
[0mGET /pubsub/sub? [32m200[0m 7.902 ms - 4270[0m
[0mGET /pubsub/sub? [36m304[0m 13.476 ms - -[0m
[0mGET /pubsub/sub? [32m200[0m 8.415 ms - 4277[0m
[0mGET /pubsub/sub? [36m304[0m 9.656 ms - -[0m
[0mGET /pubsub/sub? [36m304[0m 6.983 ms - -[0m
[0mGET /pubsub/sub? [32m200[0m 10.569 ms - 4266[0m
[0mGET /pubsub/sub? [36m304[0m 12.947 ms - -[0m
[0mGET /pubsub/sub? [31m500[0m 12.624 ms - 2794[0m
[0mGET /pubsub/sub? [32m200[0m 12.848 ms - 4319[0m
[0mGET /pubsub/sub/update/6084f8d3c4a13d32f49e082e? [33m404[0m 8.162 ms - 181[0m
[0mGET /pubsub/sub/update/6084f8d3c4a13d32f49e082e? [33m404[0m 5.772 ms - 181[0m
[0mGET /pubsub/sub/update/6084f8d3c4a13d32f49e082e? [33m404[0m 4.565 ms - 181[0m
[0mGET /pubsub/sub/update/6084f8d3c4a13d32f49e082e? [33m404[0m 6.278 ms - 181[0m
[0mGET /pubsub/sub? [32m200[0m 9.168 ms - 4323[0m
[0mGET /pubsub/sub/update/kumarsumit16022000@gmail.com? [33m404[0m 4.220 ms - 185[0m
[0mGET /pubsub/sub/update/kumarsumit16022000@gmail.com? [33m404[0m 6.607 ms - 185[0m
[0mGET /pubsub/sub/update/kumarsumit16022000@gmail.com? [33m404[0m 4.692 ms - 185[0m
[0mGET /pubsub/sub? [32m200[0m 6.732 ms - 4330[0m
[0mGET /pubsub/sub/update/email? [33m404[0m 7.382 ms - 162[0m
[0mGET /pubsub/sub? [32m200[0m 6.815 ms - 4329[0m
[0mGET /pubsub/sub/update/? [33m404[0m 6.367 ms - 157[0m
[0mGET /pubsub/sub? [32m200[0m 8.720 ms - 4324[0m
[0mGET /pubsub/sub? [36m304[0m 9.707 ms - -[0m
[0mGET /pubsub/sub? [36m304[0m 8.845 ms - -[0m
[0mGET /pubsub/sub/update/:kumarsumit16022000@gmail.com? [33m404[0m 6.744 ms - 186[0m
[0mGET /pubsub/sub? [32m200[0m 8.877 ms - 4319[0m
[0mGET /pubsub/update/kumarsumit16022000@gmail.com? [33m404[0m 6.668 ms - 181[0m
[0mGET /pubsub/update/kumarsumit16022000@gmail.com? [33m404[0m 5.691 ms - 181[0m
[0mGET /pubsub/update/kumarsumit16022000@gmail.com? [33m404[0m 6.286 ms - 181[0m
[0mGET /pubsub/sub? [32m200[0m 9.111 ms - 4333[0m
[0mPOST /pubsub/update/kumarsumit16022000@gmail.com [33m404[0m 4.055 ms - 182[0m
[0mPOST /pubsub/update/kumarsumit16022000@gmail.com [33m404[0m 4.734 ms - 182[0m
[0mGET /pubsub/sub? [32m200[0m 9.621 ms - 4334[0m
[0mPOST /pubsub/update/:kumarsumit16022000@gmail.com [33m404[0m 5.165 ms - 183[0m
[0mPOST /pubsub/update/:kumarsumit16022000@gmail.com [33m404[0m 3.222 ms - 183[0m
[0mGET /pubsub/sub? [32m200[0m 6.894 ms - 4333[0m
[0mPOST /pubsub/update/kumarsumit16022000@gmail.com [33m404[0m 5.610 ms - 182[0m
[0mPOST /pubsub/update/kumarsumit16022000@gmail.com [0m-[0m - ms - -[0m
[0mGET /pubsub/update/ [33m404[0m 13.990 ms - 153[0m
[0mGET /pubsub/update/ [33m404[0m 6.590 ms - 153[0m
[0mGET /pubsub/sub? [36m304[0m 22.950 ms - -[0m
[0mGET /pubsub/sub? [36m304[0m 10.983 ms - -[0m
[0mPOST /pubsub/update/kumarsumit16022000@gmail.com [0m-[0m - ms - -[0m
[0mGET /pubsub/sub? [32m200[0m 9.484 ms - 4329[0m
[0mGET /pubsub/sub? [36m304[0m 7.306 ms - -[0m
[0mPOST /pubsub/update/6084f8d3c4a13d32f49e082e [0m-[0m - ms - -[0m
[0mGET /pubsub/sub [32m200[0m 8.132 ms - 4333[0m
[0mGET /pubsub/sub [36m304[0m 38.104 ms - -[0m
[0mGET /pubsub/sub [36m304[0m 12.196 ms - -[0m
[0mPOST /pubsub/update/kumarsumit16022000@gmail.com [0m-[0m - ms - -[0m
[0mGET /pubsub/sub [36m304[0m 19.576 ms - -[0m
[0mGET /pubsub/sub [36m304[0m 16.720 ms - -[0m
[0mPOST /pubsub/update/kumarsumit16022000@gmail.com [0m-[0m - ms - -[0m
[0mPOST /pubsub/update/kumarsumit16022000@gmail.com [0m-[0m - ms - -[0m
[0mPOST /pubsub/update/kumarsumit16022000@gmail.com [0m-[0m - ms - -[0m
[0mGET /pubsub/sub [36m304[0m 33.439 ms - -[0m
[0mPOST /pubsub/update/kumarsumit16022000@gmail.com [0m-[0m - ms - -[0m
[0mGET /pubsub/sub [32m200[0m 24.762 ms - 4410[0m
[0mPOST /pubsub/update/kumarsumit16022000@gmail.com [36m302[0m 36.239 ms - 108[0m
[0mGET /pubsub/sub [32m200[0m 23.444 ms - 4623[0m
[0mPOST /pubsub/update/kumarsumit16022000@gmail.com [36m302[0m 11.500 ms - 108[0m
[0mGET /pubsub/sub [36m304[0m 25.589 ms - -[0m
[0mGET /pubsub/sub [32m200[0m 15.024 ms - 4410[0m
[0mPOST /pubsub/update/kumarsumit16022000@gmail.com [36m302[0m 12.991 ms - 108[0m
[0mGET /pubsub/sub [32m200[0m 14.075 ms - 4623[0m
[0mPOST /pubsub/update/kumarsumit16022000@gmail.com [36m302[0m 37.213 ms - 108[0m
[0mGET /pubsub/sub [36m304[0m 20.840 ms - -[0m
[0mGET /pubsub/sub [32m200[0m 19.525 ms - 4368[0m
[0mPOST /pubsub/update/kumarsumit16022000@gmail.com [36m302[0m 11.941 ms - 108[0m
[0mGET /pubsub/sub [32m200[0m 14.137 ms - 4581[0m
[0mGET /pubsub/sub [32m200[0m 57.587 ms - 4368[0m
[0mPOST /pubsub/update/kumarsumit16022000@gmail.com [36m302[0m 20.673 ms - 108[0m
[0mGET /pubsub/sub [32m200[0m 14.346 ms - 4581[0m
[0mGET /pubsub/sub [32m200[0m 17.357 ms - 4368[0m
[0mPOST /pubsub/update/kumarsumit16022000@gmail.com [36m302[0m 10.379 ms - 108[0m
[0mGET /pubsub/sub [32m200[0m 17.036 ms - 4581[0m
[0mGET /pubsub/sub [32m200[0m 49.063 ms - 4368[0m
[0mPOST /pubsub/update/kumarsumit16022000@gmail.com [36m302[0m 24.196 ms - 108[0m
[0mGET /pubsub/sub [32m200[0m 12.268 ms - 4581[0m
[0mGET /pubsub/sub [32m200[0m 15.487 ms - 4414[0m
[0mPOST /pubsub/update/kumarsumit16022000@gmail.com [36m302[0m 13.879 ms - 108[0m
[0mGET /pubsub/sub [32m200[0m 11.327 ms - 4627[0m
[0mGET /pubsub/sub [32m200[0m 53.615 ms - 4414[0m
[0mPOST /pubsub/update/kumarsumit16022000@gmail.com [36m302[0m 36.121 ms - 108[0m
[0mGET /pubsub/sub [32m200[0m 18.121 ms - 4627[0m
[0mGET /pubsub/sub [32m200[0m 58.846 ms - 4408[0m
[0mGET /pubsub/sub [32m200[0m 51.994 ms - 4408[0m
[0mPOST /pubsub/update/kumarsumit16022000@gmail.com [36m302[0m 34.018 ms - 108[0m
[0mGET /pubsub/sub [32m200[0m 13.891 ms - 4620[0m
[0mPOST /pubsub/update/kumarsumit16022000@gmail.com [36m302[0m 11.468 ms - 108[0m
[0mGET /pubsub/sub [32m200[0m 14.381 ms - 4616[0m
[0mPOST /pubsub/update/kumarsumit16022000@gmail.com [36m302[0m 9.280 ms - 108[0m
[0mGET /pubsub/sub [36m304[0m 10.757 ms - -[0m
[0mGET /pubsub/sub [32m200[0m 10.977 ms - 4408[0m
[0mGET /pubsub/sub [36m304[0m 9.312 ms - -[0m
[0mPOST /pubsub/update/kumarsumit16022000@gmail.com [36m302[0m 7.850 ms - 108[0m
[0mGET /pubsub/sub [32m200[0m 13.190 ms - 4616[0m
[0mPOST /pubsub/update/kumarsumit16022000@gmail.com [36m302[0m 34.823 ms - 108[0m
[0mGET /pubsub/sub [32m200[0m 23.022 ms - 4616[0m
[0mPOST /pubsub/update/kumarsumit16022000@gmail.com [36m302[0m 55.804 ms - 108[0m
[0mGET /pubsub/sub [32m200[0m 25.085 ms - 4621[0m
[0mGET /pubsub/sub [32m200[0m 14.813 ms - 4408[0m
[0mPOST /pubsub/update/kumarsumit16022000@gmail.com [36m302[0m 14.436 ms - 108[0m
[0mGET /pubsub/sub [32m200[0m 10.665 ms - 4621[0m
[0mGET /pubsub/sub [32m200[0m 62.208 ms - 4408[0m
[0mPOST /pubsub/update/kumarsumit16022000@gmail.com [36m302[0m 38.410 ms - 108[0m
[0mGET /pubsub/sub [32m200[0m 12.470 ms - 4621[0m
[0mPOST /pubsub/update/kumarsumit16022000@gmail.com [36m302[0m 11.063 ms - 108[0m
[0mGET /pubsub/sub [32m200[0m 13.770 ms - 4616[0m
[0mPOST /pubsub/update/kumarsumit16022000@gmail.com [36m302[0m 14.842 ms - 108[0m
[0mGET /pubsub/sub [32m200[0m 11.542 ms - 4621[0m
[0mPOST /pubsub/update/kumarsumit16022000@gmail.com [36m302[0m 14.122 ms - 108[0m
[0mGET /pubsub/sub [32m200[0m 9.195 ms - 4616[0m
[0mGET /pubsub/sub [32m200[0m 10.650 ms - 4408[0m
[0mPOST /pubsub/update/kumarsumit16022000@gmail.com [36m302[0m 10.111 ms - 108[0m
[0mGET /pubsub/sub [32m200[0m 14.891 ms - 4616[0m
[0mPOST /pubsub/update/kumarsumit16022000@gmail.com [36m302[0m 12.148 ms - 108[0m
[0mGET /pubsub/sub [32m200[0m 8.269 ms - 4621[0m
[0mGET /pubsub/sub [32m200[0m 43.169 ms - 4408[0m
[0mPOST /pubsub/update/kumarsumit16022000@gmail.com [36m302[0m 73.405 ms - 108[0m
[0mGET /pubsub/sub [32m200[0m 25.507 ms - 4621[0m
[0mPOST /pubsub/update/kumarsumit16022000@gmail.com [0m-[0m - ms - -[0m
[0mGET /pubsub/sub [32m200[0m 30.627 ms - 4408[0m
[0mPOST /pubsub/update/kumarsumit16022000@gmail.com [36m302[0m 35.828 ms - 108[0m
[0mGET /pubsub/sub [32m200[0m 20.020 ms - 4616[0m
[0mPOST /pubsub/update/kumarsumit16022000@gmail.com [36m302[0m 31.001 ms - 108[0m
[0mGET /pubsub/sub [32m200[0m 16.327 ms - 4621[0m
[0mPOST /pubsub/update/kumarsumit16022000@gmail.com [36m302[0m 53.169 ms - 108[0m
[0mGET /pubsub/sub [36m304[0m 25.966 ms - -[0m
[0mGET /pubsub/sub [32m200[0m 36.186 ms - 6114[0m
[0mPOST /users/create_session [36m302[0m 23.317 ms - 70[0m
[0mGET /users/signIn [32m200[0m 10.682 ms - 6330[0m
[0mGET /users/signUp [32m200[0m 14.562 ms - 6819[0m
[0mGET /users/auth/google [36m302[0m 7.294 ms - 0[0m
[0mGET /users/auth/google/callback?code=4%2F0AY0e-g77AR0Qp9sItqmtZ_B0xDQIa9zbOj3zHHc4wm3_oUZjemFD6uLXxhkWl0UYygXisA&scope=email+profile+https%3A%2F%2Fwww.googleapis.com%2Fauth%2Fuserinfo.profile+https%3A%2F%2Fwww.googleapis.com%2Fauth%2Fuserinfo.email+https%3A%2F%2Fwww.googleapis.com%2Fauth%2Fcalendar+openid&authuser=0&prompt=consent [36m302[0m 1012.658 ms - 46[0m
[0mGET / [32m200[0m 19.644 ms - 10153[0m
[0mGET /pubsub/sub [32m200[0m 12.590 ms - 4408[0m
[0mPOST /pubsub/update/kumarsumit16022000@gmail.com [36m302[0m 29.761 ms - 108[0m
[0mGET /pubsub/sub [32m200[0m 8.313 ms - 4612[0m
[0mPOST /pubsub/update/kumarsumit16022000@gmail.com [36m302[0m 12.716 ms - 108[0m
[0mGET /pubsub/sub [32m200[0m 10.083 ms - 4616[0m
[0mPOST /pubsub/update/kumarsumit16022000@gmail.com [36m302[0m 12.414 ms - 108[0m
[0mGET /pubsub/sub [32m200[0m 9.620 ms - 4612[0m
[0mPOST /pubsub/update/kumarsumit16022000@gmail.com [36m302[0m 9.755 ms - 108[0m
[0mGET /pubsub/sub [32m200[0m 9.473 ms - 4616[0m
[0mGET /users/profile/6090e538904d543328e3c999 [32m200[0m 14.466 ms - 7480[0m
[0mGET / [32m200[0m 15.276 ms - 9937[0m
[0mGET / [36m304[0m 14.682 ms - -[0m
[0mGET / [36m304[0m 12.902 ms - -[0m
[0mGET / [36m304[0m 67.041 ms - -[0m
[0mGET / [36m304[0m 45.413 ms - -[0m
[0mGET / [36m304[0m 33.235 ms - -[0m
[0mGET / [31m500[0m 130.972 ms - 2276[0m
[0mGET / [31m500[0m 19.779 ms - 2276[0m
[0mGET / [32m200[0m 40.270 ms - 8880[0m
[0mGET / [36m304[0m 28.706 ms - -[0m
[0mGET /users/signOut [36m302[0m 15.291 ms - 46[0m
[0mGET / [32m200[0m 15.169 ms - 7082[0m
[0mGET /users/signIn [32m200[0m 9.896 ms - 6114[0m
[0mPOST /users/create_session [36m302[0m 5.287 ms - 70[0m
[0mGET /users/signIn [32m200[0m 7.377 ms - 6330[0m
[0mGET / [32m200[0m 11.873 ms - 6871[0m
[0mGET /users/signIn [32m200[0m 10.005 ms - 6114[0m
[0mPOST /users/create_session [36m302[0m 7.056 ms - 70[0m
[0mGET /users/signIn [32m200[0m 7.854 ms - 6330[0m
[0mGET /users/auth/google [36m302[0m 11.004 ms - 0[0m
[0mGET /users/auth/google/callback?code=4%2F0AY0e-g6wS6R3ALHXD5lgNq0s9EzXE1M4LfEjv-KLy2ZU3t7ZbK0KVhaGVlEtkZ0rIa-4vg&scope=email+profile+https%3A%2F%2Fwww.googleapis.com%2Fauth%2Fuserinfo.profile+https%3A%2F%2Fwww.googleapis.com%2Fauth%2Fuserinfo.email+https%3A%2F%2Fwww.googleapis.com%2Fauth%2Fcalendar+openid&authuser=0&prompt=consent [36m302[0m 1076.380 ms - 46[0m
[0mGET / [32m200[0m 21.165 ms - 9096[0m
[0mGET / [32m200[0m 24.457 ms - 8880[0m
[0mGET / [36m304[0m 21.170 ms - -[0m
[0mGET / [36m304[0m 37.651 ms - -[0m
[0mGET / [36m304[0m 24.883 ms - -[0m
[0mGET / [36m304[0m 53.867 ms - -[0m
[0mGET / [36m304[0m 17.864 ms - -[0m
[0mGET / [32m200[0m 24.751 ms - 8894[0m
[0mGET / [32m200[0m 18.761 ms - 8883[0m
[0mGET / [36m304[0m 18.134 ms - -[0m
[0mGET / [36m304[0m 11.448 ms - -[0m
[0mGET / [32m200[0m 24.357 ms - 9344[0m
[0mGET / [32m200[0m 21.972 ms - 9345[0m
[0mGET / [32m200[0m 20.603 ms - 8884[0m
[0mGET / [32m200[0m 15.594 ms - 9345[0m
[0mGET / [32m200[0m 22.995 ms - 9588[0m
[0mGET / [32m200[0m 17.660 ms - 9124[0m
[0mGET / [32m200[0m 18.671 ms - 9012[0m
[0mGET / [36m304[0m 20.220 ms - -[0m
[0mGET / [32m200[0m 14.937 ms - 9002[0m
[0mGET / [32m200[0m 14.664 ms - 9443[0m
[0mGET / [32m200[0m 15.605 ms - 9180[0m
[0mGET / [32m200[0m 14.385 ms - 9124[0m
[0mGET / [32m200[0m 19.845 ms - 9128[0m
[0mGET / [32m200[0m 11.242 ms - 9102[0m
[0mGET / [32m200[0m 15.792 ms - 9104[0m
[0mGET / [32m200[0m 19.843 ms - 9104[0m
[0mGET / [32m200[0m 14.390 ms - 9136[0m
[0mGET / [32m200[0m 23.500 ms - 9549[0m
[0mGET / [32m200[0m 25.348 ms - 9597[0m
[0mGET / [36m304[0m 20.093 ms - -[0m
[0mGET / [32m200[0m 15.127 ms - 9136[0m
[0mGET / [36m304[0m 21.000 ms - -[0m
[0mGET / [32m200[0m 16.860 ms - 9594[0m
[0mGET / [36m304[0m 16.605 ms - -[0m
[0mGET / [32m200[0m 16.313 ms - 9534[0m
[0mGET / [32m200[0m 23.511 ms - 9537[0m
[0mGET / [32m200[0m 18.713 ms - 9543[0m
[0mGET / [32m200[0m 30.942 ms - 9356[0m
[0mGET / [36m304[0m 57.192 ms - -[0m
[0mGET / [36m304[0m 35.827 ms - -[0m
[0mGET / [36m304[0m 22.927 ms - -[0m
[0mGET / [36m304[0m 23.733 ms - -[0m
[0mGET / [36m304[0m 18.836 ms - -[0m
[0mGET / [36m304[0m 26.518 ms - -[0m
[0mGET / [36m304[0m 17.806 ms - -[0m
[0mGET / [36m304[0m 56.209 ms - -[0m
[0mGET / [36m304[0m 22.803 ms - -[0m
[0mGET / [32m200[0m 31.433 ms - 6907[0m
[0mGET /users/signIn [32m200[0m 13.320 ms - 6114[0m
[0mGET /users/auth/google [36m302[0m 8.378 ms - 0[0m
[0mGET /users/auth/google/callback?code=4%2F0AY0e-g6kARTBAPO32z1FCPzBOFWvAeg2Ec32oWM_RbB4oF2IU2GRmPah68ZOLxsSkgDtbQ&scope=email+profile+https%3A%2F%2Fwww.googleapis.com%2Fauth%2Fuserinfo.profile+https%3A%2F%2Fwww.googleapis.com%2Fauth%2Fuserinfo.email+https%3A%2F%2Fwww.googleapis.com%2Fauth%2Fcalendar+openid&authuser=0&prompt=consent [36m302[0m 952.235 ms - 46[0m
[0mGET / [32m200[0m 24.684 ms - 9177[0m
[0mGET /pubsub/sub [32m200[0m 18.243 ms - 4408[0m
[0mPOST /pubsub/update/kumarsumit16022000@gmail.com [36m302[0m 26.459 ms - 108[0m
[0mGET /pubsub/sub [32m200[0m 9.133 ms - 4612[0m
[0mPOST /pubsub/update/kumarsumit16022000@gmail.com [36m302[0m 9.049 ms - 108[0m
[0mGET /pubsub/sub [32m200[0m 8.902 ms - 4616[0m
[0mGET /users/profile/6090ee163617750bfc4ae2a0 [32m200[0m 14.249 ms - 7480[0m
[0mGET / [32m200[0m 15.018 ms - 9158[0m
[0mGET / [36m304[0m 14.788 ms - -[0m
[0mGET /pubsub/sub [32m200[0m 10.698 ms - 4408[0m
[0mPOST /pubsub/update/kumarsumit16022000@gmail.com [36m302[0m 9.990 ms - 108[0m
[0mGET /pubsub/sub [32m200[0m 11.085 ms - 4612[0m
[0mGET / [32m200[0m 14.688 ms - 9356[0m
[0mGET / [36m304[0m 25.642 ms - -[0m
[0mGET /pubsub/pub [32m200[0m 8.906 ms - 3896[0m
[0mGET / [32m200[0m 17.279 ms - 8199[0m
[0mGET / [32m200[0m 10.036 ms - 9882[0m
[0mGET / [32m200[0m 12.313 ms - 9636[0m
[0mGET /pubsub/pub [36m304[0m 11.760 ms - -[0m
[0mGET / [32m200[0m 18.536 ms - 9544[0m
[0mGET / [32m200[0m 29.880 ms - 9543[0m
[0mGET / [32m200[0m 17.066 ms - 9571[0m
[0mGET / [32m200[0m 13.697 ms - 9571[0m
[0mGET / [32m200[0m 13.701 ms - 9571[0m
[0mGET / [32m200[0m 16.205 ms - 9571[0m
[0mGET / [32m200[0m 23.053 ms - 9591[0m
[0mGET / [36m304[0m 10.118 ms - -[0m
[0mGET / [32m200[0m 20.940 ms - 9592[0m
[0mGET / [32m200[0m 15.675 ms - 9572[0m
[0mGET / [32m200[0m 14.961 ms - 9571[0m
[0mGET / [32m200[0m 16.721 ms - 9602[0m
[0mGET / [32m200[0m 17.113 ms - 9603[0m
[0mGET /pubsub/sub [32m200[0m 10.392 ms - 4408[0m
[0mGET /pubsub/sub [36m304[0m 12.714 ms - -[0m
[0mGET /pubsub/sub [36m304[0m 7.674 ms - -[0m
[0mGET /pubsub/sub [36m304[0m 12.150 ms - -[0m
[0mGET / [32m200[0m 22.885 ms - 9450[0m
[0mGET / [32m200[0m 12.536 ms - 9458[0m
[0mGET / [32m200[0m 15.362 ms - 9472[0m
[0mGET / [36m304[0m 18.821 ms - -[0m
[0mGET / [36m304[0m 20.049 ms - -[0m
[0mGET /pubsub/sub [36m304[0m 11.817 ms - -[0m
[0mGET / [36m304[0m 11.844 ms - -[0m
[0mGET / [36m304[0m 15.270 ms - -[0m
[0mGET / [36m304[0m 55.823 ms - -[0m
[0mGET / [32m200[0m 28.872 ms - 9468[0m
[0mGET / [32m200[0m 20.760 ms - 9472[0m
[0mGET / [36m304[0m 75.177 ms - -[0m
[0mGET / [36m304[0m 20.964 ms - -[0m
[0mGET /pubsub/sub [36m304[0m 14.061 ms - -[0m
[0mPOST /pubsub/update/kumarsumit16022000@gmail.com [36m302[0m 11.013 ms - 108[0m
[0mGET /pubsub/sub [32m200[0m 7.932 ms - 4616[0m
[0mGET /pubsub/sub [32m200[0m 7.641 ms - 4408[0m
[0mGET / [36m304[0m 17.498 ms - -[0m
[0mGET / [32m200[0m 16.628 ms - 9061[0m
[0mGET / [36m304[0m 15.941 ms - -[0m
[0mGET / [32m200[0m 16.857 ms - 9468[0m
[0mGET / [36m304[0m 12.680 ms - -[0m
[0mGET / [32m200[0m 15.699 ms - 9470[0m
[0mGET / [36m304[0m 17.531 ms - -[0m
[0mGET / [32m200[0m 13.614 ms - 9468[0m
[0mGET / [32m200[0m 15.717 ms - 8222[0m
[0mGET / [36m304[0m 21.045 ms - -[0m
[0mGET / [32m200[0m 14.682 ms - 9447[0m
[0mGET / [36m304[0m 12.334 ms - -[0m
[0mGET / [36m304[0m 14.218 ms - -[0m
[0mGET / [32m200[0m 7.712 ms - 8149[0m
[0mGET /users/signIn [36m304[0m 11.720 ms - -[0m
[0mPOST /users/create_session [36m302[0m 14.931 ms - 70[0m
[0mGET /users/signIn [32m200[0m 14.890 ms - 6330[0m
[0mGET /users/auth/google [36m302[0m 12.986 ms - 0[0m
[0mGET /users/auth/google/callback?code=4%2F0AY0e-g7r9BYRPeybBXfNDf8GE1XRSJBrx_V3uxTFZ9Tmzj4YQzK8k8CjCdhidK9Y64PxNw&scope=email+profile+https%3A%2F%2Fwww.googleapis.com%2Fauth%2Fuserinfo.profile+https%3A%2F%2Fwww.googleapis.com%2Fauth%2Fuserinfo.email+https%3A%2F%2Fwww.googleapis.com%2Fauth%2Fcalendar+openid&authuser=1&hd=iiitkota.ac.in&prompt=consent [36m302[0m 949.720 ms - 46[0m
[0mGET / [32m200[0m 12.904 ms - 9267[0m
[0mGET / [36m304[0m 14.906 ms - -[0m
[0mGET / [36m304[0m 9.810 ms - -[0m
[0mGET / [32m200[0m 13.254 ms - 9051[0m
[0mGET / [36m304[0m 13.811 ms - -[0m
[0mGET / [32m200[0m 15.294 ms - 9451[0m
[0mGET / [36m304[0m 9.435 ms - -[0m
[0mGET / [32m200[0m 21.121 ms - 9434[0m
[0mGET / [36m304[0m 11.926 ms - -[0m
[0mGET / [36m304[0m 14.495 ms - -[0m
[0mGET / [36m304[0m 9.292 ms - -[0m
[0mGET / [32m200[0m 19.253 ms - 9433[0m
[0mGET / [36m304[0m 18.951 ms - -[0m
[0mGET / [36m304[0m 9.412 ms - -[0m
[0mGET / [32m200[0m 13.389 ms - 9432[0m
[0mGET / [32m200[0m 21.310 ms - 9436[0m
[0mGET / [32m200[0m 16.379 ms - 9019[0m
[0mGET / [36m304[0m 10.407 ms - -[0m
[0mGET / [32m200[0m 10.661 ms - 9472[0m
[0mGET / [36m304[0m 8.986 ms - -[0m
[0mGET / [32m200[0m 16.686 ms - 10627[0m
[0mGET / [36m304[0m 13.631 ms - -[0m
[0mGET / [36m304[0m 73.648 ms - -[0m
[0mGET / [36m304[0m 27.700 ms - -[0m
[0mGET / [36m304[0m 15.485 ms - -[0m
[0mGET / [36m304[0m 30.606 ms - -[0m
[0mGET / [36m304[0m 24.693 ms - -[0m
[0mGET / [36m304[0m 23.309 ms - -[0m
[0mGET / [36m304[0m 24.613 ms - -[0m
[0mGET / [32m200[0m 13.098 ms - 9453[0m
[0mGET / [32m200[0m 17.347 ms - 9036[0m
[0mGET / [32m200[0m 10.878 ms - 9432[0m
[0mGET / [36m304[0m 22.896 ms - -[0m
[0mGET /pubsub/sub [32m200[0m 13.163 ms - 4407[0m
[0mPOST /pubsub/update/2018kucp1042@iiitkota.ac.in [36m302[0m 23.918 ms - 108[0m
[0mGET /pubsub/sub [32m200[0m 6.529 ms - 4611[0m
[0mGET / [32m200[0m 12.063 ms - 9232[0m
[0mGET /pubsub/sub [32m200[0m 10.961 ms - 4407[0m
[0mPOST /pubsub/update/2018kucp1042@iiitkota.ac.in [36m302[0m 8.123 ms - 108[0m
[0mGET /pubsub/sub [32m200[0m 8.975 ms - 4615[0m
[0mGET / [36m304[0m 18.326 ms - -[0m
[0mGET / [36m304[0m 12.813 ms - -[0m
[0mGET / [36m304[0m 25.553 ms - -[0m
[0mGET / [32m200[0m 13.566 ms - 9414[0m
[0mGET / [36m304[0m 14.094 ms - -[0m
[0mGET / [32m200[0m 7.471 ms - 8129[0m
[0mGET /users/signIn [36m304[0m 7.298 ms - -[0m
[0mPOST /users/create_session [36m302[0m 6.107 ms - 70[0m
[0mGET /users/signIn [32m200[0m 7.548 ms - 6330[0m
[0mGET /users/auth/google [36m302[0m 9.471 ms - 0[0m
[0mGET /users/auth/google/callback?code=4/0AY0e-g7lJXFPIpvDdFo6r50yuJQA_I3HUBMU6f7A-sk9godN7CQcsHzs6njD6MaIOVyw0g&scope=email%20profile%20https://www.googleapis.com/auth/userinfo.profile%20openid%20https://www.googleapis.com/auth/calendar%20https://www.googleapis.com/auth/userinfo.email&authuser=1&hd=iiitkota.ac.in&prompt=none [36m302[0m 958.080 ms - 46[0m
[0mGET / [32m200[0m 10.936 ms - 9430[0m
[0mGET /users/signOut [36m302[0m 7.583 ms - 46[0m
[0mGET / [32m200[0m 13.957 ms - 8340[0m
[0mGET /users/signIn [32m200[0m 10.778 ms - 6114[0m
[0mGET /users/auth/google [36m302[0m 5.150 ms - 0[0m
[0mGET /users/auth/google/callback?code=4%2F0AY0e-g6O8xdAMB9Yxr5ib4tfbYcggZD31KY-bY8LH49aucv6-hYh3iYvUDPnmCDWUv3Org&scope=email+profile+https%3A%2F%2Fwww.googleapis.com%2Fauth%2Fuserinfo.profile+https%3A%2F%2Fwww.googleapis.com%2Fauth%2Fuserinfo.email+https%3A%2F%2Fwww.googleapis.com%2Fauth%2Fcalendar+openid&authuser=0&prompt=consent [36m302[0m 883.739 ms - 46[0m
[0mGET / [32m200[0m 12.606 ms - 9630[0m
[0mGET / [32m200[0m 12.102 ms - 9414[0m
[0mGET / [36m304[0m 19.746 ms - -[0m
[0mGET / [32m200[0m 11.612 ms - 8129[0m
[0mGET /users/signIn [32m200[0m 7.063 ms - 6114[0m
[0mGET /users/auth/google [36m302[0m 4.440 ms - 0[0m
[0mGET /users/auth/google/callback?code=4/0AY0e-g6g4TCTm7LPcjcNBDWJXWiWlc3V4-Gi1RMTlRCOey9_OfBeuIUTuraYzqDHC9w0ug&scope=email%20profile%20https://www.googleapis.com/auth/userinfo.profile%20https://www.googleapis.com/auth/userinfo.email%20https://www.googleapis.com/auth/calendar%20openid&authuser=1&hd=iiitkota.ac.in&prompt=none [36m302[0m 934.608 ms - 46[0m
[0mGET / [32m200[0m 20.500 ms - 9430[0m
[0mGET /pubsub/sub [32m200[0m 16.967 ms - 4407[0m
[0mPOST /pubsub/update/2018kucp1042@iiitkota.ac.in [36m302[0m 12.130 ms - 108[0m
[0mGET /pubsub/sub [32m200[0m 7.396 ms - 4611[0m
[0mGET / [32m200[0m 10.642 ms - 9411[0m
[0mGET /pubsub/sub [32m200[0m 9.619 ms - 4407[0m
[0mGET / [36m304[0m 17.960 ms - -[0m
[0mGET / [36m304[0m 64.716 ms - -[0m
[0mGET /pubsub/sub [36m304[0m 14.315 ms - -[0m
[0mGET / [36m304[0m 13.909 ms - -[0m
[0mGET /pubsub/sub [36m304[0m 19.951 ms - -[0m
[0mGET / [36m304[0m 53.751 ms - -[0m
[0mGET / [36m304[0m 27.861 ms - -[0m
[0mGET / [36m304[0m 13.095 ms - -[0m
[0mGET /pubsub/sub [36m304[0m 15.114 ms - -[0m
[0mGET / [36m304[0m 14.304 ms - -[0m
[0mGET / [36m304[0m 16.620 ms - -[0m
[0mGET / [36m304[0m 16.563 ms - -[0m
[0mGET / [36m304[0m 32.018 ms - -[0m
[0mGET / [36m304[0m 18.565 ms - -[0m
[0mGET / [36m304[0m 14.199 ms - -[0m
[0mGET / [36m304[0m 14.925 ms - -[0m
[0mGET / [32m200[0m 11.271 ms - 8129[0m
[0mGET /users/signIn [32m200[0m 13.643 ms - 6114[0m
[0mGET /users/signUp [32m200[0m 8.909 ms - 6819[0m
[0mGET /users/auth/google [36m302[0m 8.321 ms - 0[0m
[0mGET /users/auth/google/callback?code=4/0AY0e-g5cTGP5tKMVVhjYNLBCD_Jo7mv1kDiiHfsltNOUkruer5ceyTqMaHZ6YNIQn41UlQ&scope=email%20profile%20https://www.googleapis.com/auth/userinfo.profile%20https://www.googleapis.com/auth/userinfo.email%20https://www.googleapis.com/auth/calendar%20openid&authuser=0&prompt=consent [36m302[0m 971.390 ms - 46[0m
[0mGET / [32m200[0m 18.249 ms - 9235[0m
[0mGET /pubsub/sub [32m200[0m 17.513 ms - 4408[0m
[0mGET / [32m200[0m 10.980 ms - 9019[0m
[0mGET / [36m304[0m 21.192 ms - -[0m
[0mGET / [36m304[0m 15.747 ms - -[0m
[0mGET / [36m304[0m 12.676 ms - -[0m
[0mGET / [36m304[0m 22.232 ms - -[0m
[0mGET / [36m304[0m 18.739 ms - -[0m
[0mGET / [36m304[0m 13.807 ms - -[0m
[0mGET / [36m304[0m 22.160 ms - -[0m
[0mGET / [36m304[0m 16.117 ms - -[0m
[0mGET / [36m304[0m 14.828 ms - -[0m
[0mGET / [36m304[0m 21.125 ms - -[0m
[0mGET / [36m304[0m 16.778 ms - -[0m
[0mGET /users/signOut [36m302[0m 11.898 ms - 46[0m
[0mGET / [32m200[0m 6.127 ms - 8340[0m
[0mGET /users/signIn [36m304[0m 9.127 ms - -[0m
[0mGET /users/auth/google [36m302[0m 6.342 ms - 0[0m
[0mGET /users/auth/google/callback?code=4%2F0AY0e-g5f3PWxtYzaMr7wQqgRKU61OCI2bXimAhKOI_nBxI63Uld2aBJXTP2NPBFIO5KfcQ&scope=email+profile+https%3A%2F%2Fwww.googleapis.com%2Fauth%2Fuserinfo.profile+https%3A%2F%2Fwww.googleapis.com%2Fauth%2Fuserinfo.email+https%3A%2F%2Fwww.googleapis.com%2Fauth%2Fcalendar+openid&authuser=0&prompt=consent [36m302[0m 957.215 ms - 46[0m
[0mGET / [32m200[0m 10.922 ms - 9630[0m
[0mGET / [32m200[0m 12.723 ms - 9859[0m
[0mGET / [32m200[0m 16.192 ms - 9890[0m
[0mGET / [32m200[0m 15.952 ms - 9904[0m
[0mGET / [32m200[0m 18.479 ms - 9917[0m
[0mGET / [32m200[0m 15.599 ms - 9948[0m
[0mGET / [32m200[0m 26.601 ms - 11672[0m
[0mGET / [36m304[0m 29.431 ms - -[0m
[0mGET / [32m200[0m 15.454 ms - 11694[0m
[0mGET / [32m200[0m 22.937 ms - 11671[0m
[0mGET / [32m200[0m 15.845 ms - 13027[0m
[0mGET / [32m200[0m 21.922 ms - 16729[0m
[0mGET / [32m200[0m 16.832 ms - 10393[0m
[0mGET / [32m200[0m 19.091 ms - 10405[0m
[0mGET / [32m200[0m 15.398 ms - 10406[0m
[0mGET / [32m200[0m 15.888 ms - 11379[0m
[0mGET / [31m500[0m 11.809 ms - 3476[0m
[0mGET / [31m500[0m 10.056 ms - 3476[0m
[0mGET / [32m200[0m 13.718 ms - 11365[0m
[0mGET / [36m304[0m 16.328 ms - -[0m
[0mGET / [36m304[0m 16.520 ms - -[0m
[0mGET / [32m200[0m 11.030 ms - 11379[0m
[0mGET / [32m200[0m 17.024 ms - 11365[0m
[0mGET / [36m304[0m 12.486 ms - -[0m
[0mGET / [32m200[0m 22.778 ms - 11371[0m
[0mGET / [32m200[0m 24.129 ms - 11503[0m
[0mGET / [36m304[0m 21.682 ms - -[0m
[0mGET / [32m200[0m 23.615 ms - 11381[0m
[0mGET / [32m200[0m 13.844 ms - 11455[0m
[0mGET / [32m200[0m 12.165 ms - 11491[0m
[0mGET / [32m200[0m 21.320 ms - 11493[0m
[0mGET / [32m200[0m 15.132 ms - 11489[0m
[0mGET / [32m200[0m 17.346 ms - 11493[0m
[0mGET / [32m200[0m 18.649 ms - 11491[0m
[0mGET /pubsub/sub [36m304[0m 7.296 ms - -[0m
[0mPOST /pubsub/update/kumarsumit16022000@gmail.com [36m302[0m 8.043 ms - 108[0m
[0mGET /pubsub/sub [32m200[0m 7.549 ms - 4612[0m
[0mGET / [32m200[0m 16.469 ms - 12527[0m
[0mGET / [36m304[0m 13.344 ms - -[0m
[0mGET / [36m304[0m 15.536 ms - -[0m
[0mGET / [36m304[0m 11.124 ms - -[0m
[0mGET / [32m200[0m 86.034 ms - 11916[0m
[0mGET / [36m304[0m 20.409 ms - -[0m
[0mGET / [36m304[0m 25.181 ms - -[0m
[0mGET / [32m200[0m 64.324 ms - 12527[0m
[0mGET / [32m200[0m 72.131 ms - 12527[0m
[0mGET /users/signOut [36m302[0m 21.520 ms - 46[0m
[0mGET / [32m200[0m 15.663 ms - 8340[0m
[0mGET /users/signIn [36m304[0m 12.694 ms - -[0m
[0mGET /users/forgotPasswordEnterMail [32m200[0m 9.539 ms - 4763[0m
[0mPOST /users/reset-password [36m302[0m 30.336 ms - 146[0m
[0mGET /users/forgotPasswordEnterMail [32m200[0m 11.305 ms - 5018[0m
[0mGET /users/reset-password/9609ffd64e291d7fb848f8929ae0bc0aee7b2920 [32m200[0m 39.054 ms - 6205[0m
[0mPOST /users/set-new-password [36m302[0m 12.186 ms - 70[0m
[0mGET /users/signIn [32m200[0m 12.577 ms - 6347[0m
[0mPOST /users/create_session [36m302[0m 6.836 ms - 46[0m
[0mGET / [32m200[0m 17.697 ms - 11704[0m
[0mGET / [32m200[0m 18.291 ms - 11491[0m
[0mGET / [36m304[0m 25.426 ms - -[0m
[0mGET /users/signOut [36m302[0m 5.646 ms - 46[0m
[0mGET / [32m200[0m 11.623 ms - 8340[0m
[0mGET /users/signIn [32m200[0m 12.699 ms - 6114[0m
[0mPOST /users/create_session [36m302[0m 10.010 ms - 46[0m
[0mGET / [32m200[0m 10.847 ms - 11707[0m
[0mGET / [32m200[0m 21.118 ms - 13519[0m
[0mGET / [32m200[0m 25.907 ms - 13510[0m
[0mGET / [32m200[0m 16.958 ms - 13514[0m
[0mGET / [36m304[0m 17.449 ms - -[0m
[0mGET / [36m304[0m 17.905 ms - -[0m
[0mGET / [36m304[0m 48.743 ms - -[0m
[0mGET / [36m304[0m 18.128 ms - -[0m
[0mGET / [36m304[0m 23.158 ms - -[0m
[0mGET / [32m200[0m 50.701 ms - 8129[0m
[0mGET /users/signIn [36m304[0m 33.297 ms - -[0m
[0mPOST /users/create_session [36m302[0m 39.536 ms - 46[0m
[0mGET / [32m200[0m 33.464 ms - 13730[0m
[0mGET / [32m200[0m 47.662 ms - 13514[0m
[0mGET / [32m200[0m 30.071 ms - 13528[0m
[0mGET / [32m200[0m 30.323 ms - 13548[0m
[0mGET /? [32m200[0m 48.303 ms - 13548[0m
[0mGET /? [32m200[0m 24.838 ms - 13558[0m
[0mGET /? [36m304[0m 40.538 ms - -[0m
[0mGET /? [32m200[0m 18.581 ms - 13515[0m
[0mGET /? [36m304[0m 14.659 ms - -[0m
[0mGET /? [36m304[0m 25.457 ms - -[0m
[0mGET /? [36m304[0m 56.560 ms - -[0m
[0mGET /? [36m304[0m 45.354 ms - -[0m
[0mGET /? [32m200[0m 30.963 ms - 13548[0m
[0mGET /? [36m304[0m 17.957 ms - -[0m
[0mGET /? [32m200[0m 25.668 ms - 13606[0m
[0mGET /? [36m304[0m 43.498 ms - -[0m
[0mPOST /pubsub/sub/kumar [33m404[0m 6.523 ms - 156[0m
[0mPOST /pubsub/sub/kumar [33m404[0m 6.185 ms - 156[0m
[0mGET /? [32m200[0m 19.165 ms - 13579[0m
[0mPOST /? [33m404[0m 7.464 ms - 140[0m
[0mPOST /? [33m404[0m 16.768 ms - 140[0m
[0mGET /? [32m200[0m 30.147 ms - 13565[0m
[0mGET /? [36m304[0m 36.597 ms - -[0m
[0mGET /? [36m304[0m 25.264 ms - -[0m
[0mGET / [32m200[0m 41.380 ms - 14578[0m
[0mPOST /pubsub/sub/kumar [33m404[0m 5.687 ms - 156[0m
[0mGET / [32m200[0m 37.994 ms - 14915[0m
[0mGET / [32m200[0m 26.982 ms - 14919[0m
[0mGET / [32m200[0m 28.659 ms - 14577[0m
[0mPOST /pubsub/sub/ [33m404[0m 10.935 ms - 151[0m
[0mGET / [32m200[0m 34.297 ms - 14580[0m
[0mPOST /pubsub/update/ [33m404[0m 8.455 ms - 154[0m
[0mGET / [32m200[0m 34.070 ms - 14581[0m
[0mPOST /pubsub/update/kumar [36m302[0m 55.327 ms - 44[0m
[0mGET / [32m200[0m 20.065 ms - 14794[0m
[0mGET / [32m200[0m 29.803 ms - 13565[0m
[0mGET /? [36m304[0m 25.030 ms - -[0m
[0mGET /? [36m304[0m 84.540 ms - -[0m
[0mGET /? [36m304[0m 32.634 ms - -[0m
[0mGET /? [32m200[0m 30.297 ms - 13575[0m
[0mGET /? [36m304[0m 25.432 ms - -[0m
[0mGET /? [36m304[0m 32.550 ms - -[0m
[0mGET /? [32m200[0m 23.377 ms - 14549[0m
[0mGET /? [36m304[0m 29.395 ms - -[0m
[0mGET /? [32m200[0m 25.773 ms - 14590[0m
[0mPOST /pubsub/update/kumar [36m302[0m 56.691 ms - 45[0m
[0mGET /? [32m200[0m 24.574 ms - 14803[0m
[0mPOST /pubsub/update/kumar [36m302[0m 25.322 ms - 45[0m
[0mGET /? [36m304[0m 18.685 ms - -[0m
[0mPOST /pubsub/update/kumar [36m302[0m 24.546 ms - 45[0m
[0mGET /? [36m304[0m 17.475 ms - -[0m
[0mPOST /pubsub/update/kumar [36m302[0m 24.936 ms - 45[0m
[0mGET /? [36m304[0m 17.773 ms - -[0m
[0mGET /? [32m200[0m 24.169 ms - 14648[0m
[0mGET /? [32m200[0m 29.026 ms - 14648[0m
[0mGET /? [36m304[0m 30.633 ms - -[0m
[0mGET /? [32m200[0m 30.381 ms - 14594[0m
[0mPOST /pubsub/update/kumar [36m302[0m 24.560 ms - 45[0m
[0mGET /? [32m200[0m 24.987 ms - 14807[0m
[0mPOST /pubsub/update/kumar [36m302[0m 70.156 ms - 45[0m
[0mGET /? [36m304[0m 23.046 ms - -[0m
[0mGET /? [32m200[0m 34.949 ms - 14599[0m
[0mGET /? [32m200[0m 25.513 ms - 14726[0m
[0mGET /? [36m304[0m 23.787 ms - -[0m
[0mGET /? [36m304[0m 23.072 ms - -[0m
[0mGET /? [32m200[0m 64.733 ms - 14684[0m
[0mPOST /pubsub/create_chat_print [33m404[0m 21.500 ms - 164[0m
[0mPOST /pubsub/create_chat_print [33m404[0m 5.550 ms - 164[0m
[0mGET /? [32m200[0m 38.364 ms - 14726[0m
[0mGET /? [36m304[0m 23.875 ms - -[0m
[0mGET /? [32m200[0m 28.184 ms - 14762[0m
[0mGET /? [32m200[0m 29.201 ms - 14928[0m
[0mGET /? [32m200[0m 25.374 ms - 14932[0m
[0mPOST /pubsub/create_chat_print [33m404[0m 7.439 ms - 164[0m
[0mGET /? [32m200[0m 31.913 ms - 14930[0m
[0mPOST /pubsub/create_chat_print [33m404[0m 10.240 ms - 164[0m
[0mGET /? [32m200[0m 28.661 ms - 14927[0m
[0mPOST /pubsub/update/suumimt [36m302[0m 28.635 ms - 45[0m
[0mGET /? [32m200[0m 26.351 ms - 15140[0m
[0mGET /? [32m200[0m 22.462 ms - 14923[0m
[0mPOST /pubsub/createChat [33m404[0m 9.586 ms - 157[0m
[0mGET /? [36m304[0m 74.556 ms - -[0m
[0mPOST /pubsub/createChat [32m200[0m 17.437 ms - 4407[0m
[0mGET /? [36m304[0m 30.995 ms - -[0m
[0mPOST /pubsub/createChat [32m200[0m 15.605 ms - 4407[0m
[0mGET /? [36m304[0m 35.201 ms - -[0m
[0mPOST /pubsub/createChat [32m200[0m 11.270 ms - 4407[0m
[0mPOST /pubsub/createChat [32m200[0m 21.392 ms - 4407[0m
[0mGET /? [36m304[0m 26.259 ms - -[0m
[0mPOST /pubsub/createChat [32m200[0m 14.580 ms - 4407[0m
[0mGET /? [36m304[0m 27.912 ms - -[0m
[0mPOST /pubsub/createChat [32m200[0m 14.284 ms - 4407[0m
[0mGET / [32m200[0m 86.639 ms - 14923[0m
[0mPOST /pubsub/createChat [32m200[0m 12.215 ms - 50[0m
[0mGET / [32m200[0m 37.091 ms - 14926[0m
[0mPOST /pubsub/createChat [32m200[0m 13.227 ms - 50[0m
[0mGET / [36m304[0m 93.593 ms - -[0m
[0mPOST /pubsub/createChat [32m200[0m 11.226 ms - 50[0m
[0mGET / [36m304[0m 255.822 ms - -[0m
[0mGET / [36m304[0m 26.754 ms - -[0m
[0mPOST /pubsub/createChat [32m200[0m 403.307 ms - 50[0m
[0mGET / [32m200[0m 24.721 ms - 14926[0m
[0mPOST /pubsub/createChat [32m200[0m 269.452 ms - 50[0m
[0mGET / [36m304[0m 22.182 ms - -[0m
[0mPOST /pubsub/createChat [32m200[0m 301.042 ms - 50[0m
[0mGET / [36m304[0m 51.924 ms - -[0m
[0mGET / [36m304[0m 20.083 ms - -[0m
[0mGET / [36m304[0m 84.123 ms - -[0m
[0mGET / [36m304[0m 31.617 ms - -[0m
[0mPOST /pubsub/createChat [32m200[0m 13.560 ms - 50[0m
[0mGET / [36m304[0m 69.788 ms - -[0m
[0mPOST /pubsub/createChat [32m200[0m 35.285 ms - 38[0m
[0mGET / [36m304[0m 56.731 ms - -[0m
[0mPOST /pubsub/createChat [32m200[0m 44.889 ms - 236[0m
[0mPOST /pubsub/createChat [32m200[0m 16.202 ms - 237[0m
[0mGET / [36m304[0m 28.313 ms - -[0m
[0mGET / [31m500[0m 11.937 ms - 3312[0m
[0mGET / [31m500[0m 8.799 ms - 3312[0m
[0mGET / [32m200[0m 65.348 ms - 16598[0m
[0mGET / [32m200[0m 25.881 ms - 16394[0m
[0mPOST /pubsub/createChat [32m200[0m 16.577 ms - 237[0m
[0mGET / [32m200[0m 37.531 ms - 17180[0m
[0mPOST /pubsub/createChat [32m200[0m 9.540 ms - 255[0m
[0mPOST /pubsub/createChat [32m200[0m 6.989 ms - 255[0m
[0mPOST /pubsub/createChat [32m200[0m 12.214 ms - 255[0m
[0mPOST /pubsub/createChat [32m200[0m 12.587 ms - 255[0m
[0mGET / [32m200[0m 20.133 ms - 20396[0m
[0mGET / [36m304[0m 92.766 ms - -[0m
[0mGET / [32m200[0m 28.542 ms - 20407[0m
[0mGET / [36m304[0m 41.104 ms - -[0m
[0mGET / [32m200[0m 22.578 ms - 20428[0m
[0mGET / [32m200[0m 23.353 ms - 20438[0m
[0mGET / [32m200[0m 22.715 ms - 20516[0m
[0mGET /pubsub/unsubscribe/sumit [33m404[0m 12.736 ms - 163[0m
[0mGET / [32m200[0m 23.468 ms - 20520[0m
[0mGET / [32m200[0m 25.806 ms - 20492[0m
[0mGET /pubsub/unsubscribe/sumit [33m404[0m 9.561 ms - 163[0m
[0mGET /pubsub/unsubscribe/kumar [33m404[0m 10.224 ms - 163[0m
[0mGET / [36m304[0m 19.187 ms - -[0m
[0mGET /pubsub/unsubscribe/sumit [33m404[0m 6.192 ms - 163[0m
[0mGET / [36m304[0m 23.708 ms - -[0m
[0mGET / [36m304[0m 58.538 ms - -[0m
[0mGET /pubsub/unsubscribe/sumit [33m404[0m 10.551 ms - 163[0m
[0mGET / [36m304[0m 217.901 ms - -[0m
[0mGET /pubsub/unsubscribe/sumit [33m404[0m 10.089 ms - 163[0m
[0mGET /pubsub/unsubscribe/sumit [33m404[0m 9.725 ms - 163[0m
[0mGET /pubsub/unsubscribe/sumit [33m404[0m 7.729 ms - 163[0m
[0mGET / [36m304[0m 27.889 ms - -[0m
[0mGET /pubsub/unsubscribe/sumit [33m404[0m 6.401 ms - 163[0m
[0mGET /pubsub/unsubscribe/sumit [33m404[0m 8.332 ms - 163[0m
[0mGET / [36m304[0m 18.172 ms - -[0m
[0mGET /pubsub/unsubscribe/sumit [33m404[0m 12.397 ms - 163[0m
[0mGET / [36m304[0m 26.990 ms - -[0m
[0mGET /pubsub/unsubscribe/sumit [33m404[0m 6.591 ms - 163[0m
[0mGET / [36m304[0m 64.556 ms - -[0m
[0mGET /pubsub/unsubscribe/sumit [36m302[0m 29.264 ms - 88[0m
[0mGET / [32m200[0m 29.488 ms - 20698[0m
[0mGET / [32m200[0m 21.495 ms - 20492[0m
[0mGET / [36m304[0m 20.076 ms - -[0m
[0mGET / [36m304[0m 24.453 ms - -[0m
[0mGET / [36m304[0m 41.049 ms - -[0m
[0mGET /pubsub/unsubscribe/sumit [36m302[0m 12.635 ms - 88[0m
[0mGET / [32m200[0m 28.268 ms - 20698[0m
[0mGET / [32m200[0m 76.363 ms - 20492[0m
[0mGET / [36m304[0m 38.142 ms - -[0m
[0mGET /pubsub/unsubscribe/sumit [36m302[0m 19.948 ms - 88[0m
[0mGET / [32m200[0m 27.675 ms - 20698[0m
[0mGET / [32m200[0m 35.333 ms - 20492[0m
[0mGET / [36m304[0m 23.593 ms - -[0m
[0mGET / [36m304[0m 59.805 ms - -[0m
[0mGET /pubsub/unsubscribe/sumit [36m302[0m 21.817 ms - 88[0m
[0mGET / [32m200[0m 70.867 ms - 20698[0m
[0mGET / [32m200[0m 31.491 ms - 20492[0m
[0mGET / [36m304[0m 23.772 ms - -[0m
[0mGET / [36m304[0m 25.587 ms - -[0m
[0mGET / [36m304[0m 73.185 ms - -[0m
[0mGET /pubsub/unsubscribe/sumit [36m302[0m 28.119 ms - 88[0m
[0mGET / [32m200[0m 34.044 ms - 20698[0m
[0mGET / [32m200[0m 23.315 ms - 20492[0m
[0mGET / [36m304[0m 27.545 ms - -[0m
[0mGET / [36m304[0m 31.761 ms - -[0m
[0mGET / [36m304[0m 32.619 ms - -[0m
[0mGET /pubsub/unsubscribe/kumar [36m302[0m 11.526 ms - 88[0m
[0mGET / [32m200[0m 21.235 ms - 20698[0m
[0mGET / [32m200[0m 20.811 ms - 20492[0m
[0mGET / [36m304[0m 37.581 ms - -[0m
[0mGET /pubsub/unsubscribe/sumit [36m302[0m 61.630 ms - 88[0m
[0mGET / [32m200[0m 64.375 ms - 19625[0m
[0mGET / [32m200[0m 36.272 ms - 19419[0m
[0mGET / [36m304[0m 27.237 ms - -[0m
[0mGET / [36m304[0m 24.478 ms - -[0m
[0mGET /pubsub/unsubscribe/kumar [36m302[0m 9.718 ms - 88[0m
[0mGET / [32m200[0m 25.165 ms - 18553[0m
[0mGET / [32m200[0m 36.444 ms - 18347[0m
[0mGET / [36m304[0m 99.820 ms - -[0m
[0mPOST /pubsub/createChat [32m200[0m 26.792 ms - 239[0m
[0mGET / [32m200[0m 31.886 ms - 19135[0m
[0mGET /pubsub/sub [32m200[0m 17.020 ms - 4407[0m
[0mPOST /pubsub/update/2018kucp1042@iiitkota.ac.in [36m302[0m 13.909 ms - 108[0m
[0mGET /pubsub/sub [32m200[0m 12.107 ms - 4611[0m
[0mGET / [32m200[0m 23.356 ms - 20207[0m
[0mPOST /pubsub/createChat [32m200[0m 9.538 ms - 240[0m
[0mGET / [32m200[0m 35.120 ms - 20996[0m
[0mGET /pubsub/unsubscribe/kumar [36m302[0m 8.815 ms - 88[0m
[0mGET / [32m200[0m 29.019 ms - 21202[0m
[0mGET / [32m200[0m 31.627 ms - 20996[0m
[0mGET / [36m304[0m 30.813 ms - -[0m
[0mGET / [36m304[0m 33.380 ms - -[0m
[0mGET / [36m304[0m 46.724 ms - -[0m
[0mGET / [36m304[0m 29.843 ms - -[0m
[0mGET / [36m304[0m 26.882 ms - -[0m
[0mGET / [36m304[0m 29.681 ms - -[0m
[0mGET /pubsub/unsubscribe/kumar [36m302[0m 10.871 ms - 88[0m
[0mGET / [32m200[0m 33.835 ms - 21202[0m
[0mGET /pubsub/unsubscribe/kumar [36m302[0m 11.270 ms - 88[0m
[0mGET / [36m304[0m 29.318 ms - -[0m
[0mGET /pubsub/unsubscribe/kumar [36m302[0m 9.906 ms - 88[0m
[0mGET / [36m304[0m 29.510 ms - -[0m
[0mGET /pubsub/unsubscribe/kumar [36m302[0m 10.603 ms - 88[0m
[0mGET / [36m304[0m 30.140 ms - -[0m
[0mGET / [32m200[0m 33.568 ms - 20996[0m
[0mGET /pubsub/unsubscribe/kumar [36m302[0m 16.569 ms - 88[0m
[0mGET / [32m200[0m 26.767 ms - 21202[0m
[0mGET /pubsub/unsubscribe/kumar [36m302[0m 8.329 ms - 88[0m
[0mGET / [36m304[0m 29.249 ms - -[0m
[0mGET / [32m200[0m 30.544 ms - 20996[0m
[0mGET / [36m304[0m 17.773 ms - -[0m
[0mGET / [36m304[0m 30.336 ms - -[0m
[0mGET /pubsub/unsubscribe/kumar [36m302[0m 8.246 ms - 88[0m
[0mGET / [32m200[0m 31.661 ms - 21202[0m
[0mGET /pubsub/unsubscribe/kumar [36m302[0m 10.189 ms - 88[0m
[0mGET / [36m304[0m 31.691 ms - -[0m
[0mGET /pubsub/unsubscribe/kumar [36m302[0m 12.288 ms - 88[0m
[0mGET / [36m304[0m 39.233 ms - -[0m
[0mGET /pubsub/unsubscribe/kumar [36m302[0m 10.708 ms - 88[0m
[0mGET / [36m304[0m 36.166 ms - -[0m
[0mGET / [32m200[0m 16.223 ms - 20996[0m
[0mGET / [36m304[0m 38.802 ms - -[0m
[0mGET /pubsub/unsubscribe/kumar [36m302[0m 10.523 ms - 88[0m
[0mGET / [32m200[0m 21.434 ms - 21202[0m
[0mGET / [32m200[0m 17.787 ms - 20996[0m
[0mGET / [36m304[0m 56.793 ms - -[0m
[0mGET /pubsub/unsubscribe/kumar [36m302[0m 29.069 ms - 88[0m
[0mGET / [32m200[0m 42.081 ms - 20130[0m
[0mGET / [32m200[0m 28.927 ms - 19924[0m
[0mPOST /pubsub/createChat [32m200[0m 27.093 ms - 236[0m
[0mGET / [32m200[0m 38.517 ms - 20709[0m
[0mGET /pubsub/sub [32m200[0m 17.914 ms - 4407[0m
[0mPOST /pubsub/update/2018kucp1042@iiitkota.ac.in [36m302[0m 10.348 ms - 108[0m
[0mGET /pubsub/sub [32m200[0m 7.571 ms - 4611[0m
[0mGET / [32m200[0m 33.559 ms - 21781[0m
[0mPOST /pubsub/createChat [32m200[0m 9.843 ms - 241[0m
[0mGET /pubsub/unsubscribe/sumit [36m302[0m 8.545 ms - 88[0m
[0mGET / [32m200[0m 24.649 ms - 21705[0m
[0mGET / [32m200[0m 35.905 ms - 21499[0m
